<?xml version="1.0" encoding="UTF-8"?>
<testsuites name="TS02 Approve Reactivation XLC Online" time="100.283" tests="4" failures="0" errors="0">
   <testsuite name="TS02 Approve Reactivation XLC Online" tests="4" failures="0" errors="0" time="100.283" skipped="0" timestamp="2025-05-19 10:36:17" hostname="ElviaElvia - IBM-PF5E7K0V" id="Test Suites/TS02 Approve Reactivation XLC Online">
      <properties>
         <property name="deviceName" value=""/>
         <property name="devicePlatform" value=""/>
         <property name="logFolder" value="D:\\Work\\Automation\\comet_automate\\Reports\\20250519_103552\\TS02 Approve Reactivation XLC Online\\20250519_103552"/>
         <property name="logFiles" value="D:\\Work\\Automation\\comet_automate\\Reports\\20250519_103552\\TS02 Approve Reactivation XLC Online\\20250519_103552\\execution0.log"/>
         <property name="attachments" value="D:\\Work\\Automation\\comet_automate\\Reports\\20250519_103552\\TS02 Approve Reactivation XLC Online\\20250519_103552\\1747625801517.png, D:\\Work\\Automation\\comet_automate\\Reports\\20250519_103552\\TS02 Approve Reactivation XLC Online\\20250519_103552\\1747625808377.png, D:\\Work\\Automation\\comet_automate\\Reports\\20250519_103552\\TS02 Approve Reactivation XLC Online\\20250519_103552\\1747625817856.png, D:\\Work\\Automation\\comet_automate\\Reports\\20250519_103552\\TS02 Approve Reactivation XLC Online\\20250519_103552\\1747625826177.png, D:\\Work\\Automation\\comet_automate\\Reports\\20250519_103552\\TS02 Approve Reactivation XLC Online\\20250519_103552\\1747625851408.png, D:\\Work\\Automation\\comet_automate\\Reports\\20250519_103552\\TS02 Approve Reactivation XLC Online\\20250519_103552\\1747625854471.png, D:\\Work\\Automation\\comet_automate\\Reports\\20250519_103552\\TS02 Approve Reactivation XLC Online\\20250519_103552\\1747625861828.png, D:\\Work\\Automation\\comet_automate\\Reports\\20250519_103552\\TS02 Approve Reactivation XLC Online\\20250519_103552\\1747625868167.png, D:\\Work\\Automation\\comet_automate\\Reports\\20250519_103552\\TS02 Approve Reactivation XLC Online\\20250519_103552\\1747625870897.png, D:\\Work\\Automation\\comet_automate\\Reports\\20250519_103552\\TS02 Approve Reactivation XLC Online\\20250519_103552\\1747625874470.png, D:\\Work\\Automation\\comet_automate\\Reports\\20250519_103552\\TS02 Approve Reactivation XLC Online\\20250519_103552\\1747625876617.png, D:\\Work\\Automation\\comet_automate\\Reports\\20250519_103552\\TS02 Approve Reactivation XLC Online\\20250519_103552\\1747625877359.png"/>
         <property name="hostName" value="ElviaElvia - IBM-PF5E7K0V"/>
         <property name="os" value="Windows 11 64bit"/>
         <property name="katalonVersion" value="8.6.9.208"/>
         <property name="browser" value="Chrome 136.0.0.0"/>
         <property name="hostAddress" value="10.16.37.37"/>
         <property name="sessionId" value="437f5b1005b3e75730a70eedcdc90302"/>
         <property name="seleniumVersion" value="3.141.59"/>
         <property name="proxyInformation" value="ProxyInformation { proxyOption=NO_PROXY, proxyServerType=HTTP, username=, password=********, proxyServerAddress=, proxyServerPort=0, executionList=&quot;&quot;, isApplyToDesiredCapabilities=true }"/>
         <property name="platform" value="Windows 11"/>
      </properties>
      <testcase name="Test Cases/Reused TC/2. Credential/Login" time="35.098" classname="Test Cases/Reused TC/2. Credential/Login" status="PASSED">
         <system-out><![CDATA[2025-05-19 10:36:18 - [TEST_CASE][PASSED] - Test Cases/Reused TC/2. Credential/Login: Test Cases/Reused TC/2. Credential/Login

2025-05-19 10:36:18 - [TEST_STEP][PASSED] - openBrowser(URL): Browser is opened with url: 'https://sit-aws.comet.xl.co.id/'

2025-05-19 10:36:19 - [MESSAGE][INFO] - Starting 'Chrome' driver

2025-05-19 10:36:19 - [MESSAGE][INFO] - Action delay is set to 0 milliseconds

2025-05-19 10:36:26 - [MESSAGE][PASSED] - Browser is opened with url: 'https://sit-aws.comet.xl.co.id/'

2025-05-19 10:36:26 - [TEST_STEP][PASSED] - maximizeWindow(): Current window maximized

2025-05-19 10:36:26 - [MESSAGE][PASSED] - Current window maximized

2025-05-19 10:36:26 - [TEST_STEP][PASSED] - enableSmartWait(): null

2025-05-19 10:36:26 - [TEST_STEP][PASSED] - click(findTestObject("Spesific/btn Login")): Object: 'Object Repository/Spesific/btn Login' is clicked on

2025-05-19 10:36:28 - [MESSAGE][PASSED] - Object: 'Object Repository/Spesific/btn Login' is clicked on

2025-05-19 10:36:28 - [TEST_STEP][PASSED] - setText(findTestObject("General/obj", ["obj":"input", "attr":"@name", "val":"loginfmt"]), username): Text 'xl.test4@xl.co.id' is set on object 'Object Repository/General/obj'

2025-05-19 10:36:28 - [MESSAGE][PASSED] - Text 'xl.test4@xl.co.id' is set on object 'Object Repository/General/obj'

2025-05-19 10:36:28 - [TEST_STEP][PASSED] - delay(2): Delayed 2 second(s)

2025-05-19 10:36:30 - [MESSAGE][PASSED] - Delayed 2 second(s)

2025-05-19 10:36:30 - [TEST_STEP][PASSED] - click(findTestObject("General/obj", ["obj":"input", "attr":"@id", "val":"idSIButton9"])): Object: 'Object Repository/General/obj' is clicked on

2025-05-19 10:36:31 - [MESSAGE][PASSED] - Object: 'Object Repository/General/obj' is clicked on

2025-05-19 10:36:31 - [TEST_STEP][PASSED] - delay(2, STOP_ON_FAILURE): Delayed 2 second(s)

2025-05-19 10:36:33 - [MESSAGE][PASSED] - Delayed 2 second(s)

2025-05-19 10:36:33 - [TEST_STEP][PASSED] - setEncryptedText(findTestObject("General/obj", ["obj":"input", "attr":"@name", "val":"passwd"]), encriptPassword): Text ****** has been set on object 'Object Repository/General/obj'

2025-05-19 10:36:33 - [MESSAGE][PASSED] - Text ****** has been set on object 'Object Repository/General/obj'

2025-05-19 10:36:33 - [TEST_STEP][PASSED] - delay(1, STOP_ON_FAILURE): Delayed 1 second(s)

2025-05-19 10:36:34 - [MESSAGE][PASSED] - Delayed 1 second(s)

2025-05-19 10:36:34 - [TEST_STEP][PASSED] - click(findTestObject("General/obj", ["obj":"input", "attr":"@id", "val":"idSIButton9"])): Object: 'Object Repository/General/obj' is clicked on

2025-05-19 10:36:35 - [MESSAGE][PASSED] - Object: 'Object Repository/General/obj' is clicked on

2025-05-19 10:36:35 - [TEST_STEP][PASSED] - if (verifyElementPresent(findTestObject("General/obj", ["obj":"div", "attr":"@id", "val":"idDiv_SAOTCAS_Description"]), 5, OPTIONAL)): com.kms.katalon.core.webui.exception.WebElementNotFoundException: Web element with id: 'Object Repository/General/obj' located by '//div[@id='idDiv_SAOTCAS_Description']' not found (Root cause: com.kms.katalon.core.exception.StepFailedException: com.kms.katalon.core.webui.exception.WebElementNotFoundException: Web element with id: 'Object Repository/General/obj' located by '//div[@id='idDiv_SAOTCAS_Description']' not found
	at com.kms.katalon.core.webui.keyword.internal.WebUIKeywordMain.stepFailed(WebUIKeywordMain.groovy:64)
	at com.kms.katalon.core.webui.keyword.builtin.VerifyElementPresentKeyword$_verifyElementPresent_closure1.doCall(VerifyElementPresentKeyword.groovy:85)
	at com.kms.katalon.core.webui.keyword.builtin.VerifyElementPresentKeyword$_verifyElementPresent_closure1.call(VerifyElementPresentKeyword.groovy)
	at com.kms.katalon.core.webui.keyword.internal.WebUIKeywordMain.runKeyword(WebUIKeywordMain.groovy:20)
	at com.kms.katalon.core.webui.keyword.builtin.VerifyElementPresentKeyword.verifyElementPresent(VerifyElementPresentKeyword.groovy:92)
	at com.kms.katalon.core.webui.keyword.builtin.VerifyElementPresentKeyword.execute(VerifyElementPresentKeyword.groovy:68)
	at com.kms.katalon.core.keyword.internal.KeywordExecutor.executeKeywordForPlatform(KeywordExecutor.groovy:74)
	at com.kms.katalon.core.webui.keyword.WebUiBuiltInKeywords.verifyElementPresent(WebUiBuiltInKeywords.groovy:1448)
	at com.kms.katalon.core.webui.keyword.WebUiBuiltInKeywords$verifyElementPresent$5.call(Unknown Source)
	at Login.run(Login:42)
	at com.kms.katalon.core.main.ScriptEngine.run(ScriptEngine.java:194)
	at com.kms.katalon.core.main.ScriptEngine.runScriptAsRawText(ScriptEngine.java:119)
	at com.kms.katalon.core.main.TestCaseExecutor.runScript(TestCaseExecutor.java:448)
	at com.kms.katalon.core.main.TestCaseExecutor.doExecute(TestCaseExecutor.java:439)
	at com.kms.katalon.core.main.TestCaseExecutor.processExecutionPhase(TestCaseExecutor.java:418)
	at com.kms.katalon.core.main.TestCaseExecutor.accessMainPhase(TestCaseExecutor.java:410)
	at com.kms.katalon.core.main.TestCaseExecutor.execute(TestCaseExecutor.java:285)
	at com.kms.katalon.core.common.CommonExecutor.accessTestCaseMainPhase(CommonExecutor.java:65)
	at com.kms.katalon.core.main.TestSuiteExecutor.accessTestSuiteMainPhase(TestSuiteExecutor.java:148)
	at com.kms.katalon.core.main.TestSuiteExecutor.execute(TestSuiteExecutor.java:106)
	at com.kms.katalon.core.main.TestCaseMain.startTestSuite(TestCaseMain.java:187)
	at com.kms.katalon.core.main.TestCaseMain$startTestSuite$0.call(Unknown Source)
	at TempTestSuite1747625752953.run(TempTestSuite1747625752953.groovy:35)
)

2025-05-19 10:36:41 - [MESSAGE][INFO] - Unable to find the element located by 'By.xpath: //div[@id='idDiv_SAOTCAS_Description']'. Please recheck the objects properties to make sure the desired element is located. 

2025-05-19 10:36:42 - [MESSAGE][WARNING] - com.kms.katalon.core.webui.exception.WebElementNotFoundException: Web element with id: 'Object Repository/General/obj' located by '//div[@id='idDiv_SAOTCAS_Description']' not found (Root cause: com.kms.katalon.core.exception.StepFailedException: com.kms.katalon.core.webui.exception.WebElementNotFoundException: Web element with id: 'Object Repository/General/obj' located by '//div[@id='idDiv_SAOTCAS_Description']' not found
	at com.kms.katalon.core.webui.keyword.internal.WebUIKeywordMain.stepFailed(WebUIKeywordMain.groovy:64)
	at com.kms.katalon.core.webui.keyword.builtin.VerifyElementPresentKeyword$_verifyElementPresent_closure1.doCall(VerifyElementPresentKeyword.groovy:85)
	at com.kms.katalon.core.webui.keyword.builtin.VerifyElementPresentKeyword$_verifyElementPresent_closure1.call(VerifyElementPresentKeyword.groovy)
	at com.kms.katalon.core.webui.keyword.internal.WebUIKeywordMain.runKeyword(WebUIKeywordMain.groovy:20)
	at com.kms.katalon.core.webui.keyword.builtin.VerifyElementPresentKeyword.verifyElementPresent(VerifyElementPresentKeyword.groovy:92)
	at com.kms.katalon.core.webui.keyword.builtin.VerifyElementPresentKeyword.execute(VerifyElementPresentKeyword.groovy:68)
	at com.kms.katalon.core.keyword.internal.KeywordExecutor.executeKeywordForPlatform(KeywordExecutor.groovy:74)
	at com.kms.katalon.core.webui.keyword.WebUiBuiltInKeywords.verifyElementPresent(WebUiBuiltInKeywords.groovy:1448)
	at com.kms.katalon.core.webui.keyword.WebUiBuiltInKeywords$verifyElementPresent$5.call(Unknown Source)
	at Login.run(Login:42)
	at com.kms.katalon.core.main.ScriptEngine.run(ScriptEngine.java:194)
	at com.kms.katalon.core.main.ScriptEngine.runScriptAsRawText(ScriptEngine.java:119)
	at com.kms.katalon.core.main.TestCaseExecutor.runScript(TestCaseExecutor.java:448)
	at com.kms.katalon.core.main.TestCaseExecutor.doExecute(TestCaseExecutor.java:439)
	at com.kms.katalon.core.main.TestCaseExecutor.processExecutionPhase(TestCaseExecutor.java:418)
	at com.kms.katalon.core.main.TestCaseExecutor.accessMainPhase(TestCaseExecutor.java:410)
	at com.kms.katalon.core.main.TestCaseExecutor.execute(TestCaseExecutor.java:285)
	at com.kms.katalon.core.common.CommonExecutor.accessTestCaseMainPhase(CommonExecutor.java:65)
	at com.kms.katalon.core.main.TestSuiteExecutor.accessTestSuiteMainPhase(TestSuiteExecutor.java:148)
	at com.kms.katalon.core.main.TestSuiteExecutor.execute(TestSuiteExecutor.java:106)
	at com.kms.katalon.core.main.TestCaseMain.startTestSuite(TestCaseMain.java:187)
	at com.kms.katalon.core.main.TestCaseMain$startTestSuite$0.call(Unknown Source)
	at TempTestSuite1747625752953.run(TempTestSuite1747625752953.groovy:35)
)
[[ATTACHMENT|D:\\Work\\Automation\\comet_automate\\Reports\\20250519_103552\\TS02 Approve Reactivation XLC Online\\20250519_103552\\1747625801517.png]]

2025-05-19 10:36:42 - [TEST_STEP][PASSED] - if (verifyElementPresent(findTestObject("General/obj", ["obj":"input", "attr":"@name", "val":"otc"]), 5, OPTIONAL)): com.kms.katalon.core.webui.exception.WebElementNotFoundException: Web element with id: 'Object Repository/General/obj' located by '//input[@name='otc']' not found (Root cause: com.kms.katalon.core.exception.StepFailedException: com.kms.katalon.core.webui.exception.WebElementNotFoundException: Web element with id: 'Object Repository/General/obj' located by '//input[@name='otc']' not found
	at com.kms.katalon.core.webui.keyword.internal.WebUIKeywordMain.stepFailed(WebUIKeywordMain.groovy:64)
	at com.kms.katalon.core.webui.keyword.builtin.VerifyElementPresentKeyword$_verifyElementPresent_closure1.doCall(VerifyElementPresentKeyword.groovy:85)
	at com.kms.katalon.core.webui.keyword.builtin.VerifyElementPresentKeyword$_verifyElementPresent_closure1.call(VerifyElementPresentKeyword.groovy)
	at com.kms.katalon.core.webui.keyword.internal.WebUIKeywordMain.runKeyword(WebUIKeywordMain.groovy:20)
	at com.kms.katalon.core.webui.keyword.builtin.VerifyElementPresentKeyword.verifyElementPresent(VerifyElementPresentKeyword.groovy:92)
	at com.kms.katalon.core.webui.keyword.builtin.VerifyElementPresentKeyword.execute(VerifyElementPresentKeyword.groovy:68)
	at com.kms.katalon.core.keyword.internal.KeywordExecutor.executeKeywordForPlatform(KeywordExecutor.groovy:74)
	at com.kms.katalon.core.webui.keyword.WebUiBuiltInKeywords.verifyElementPresent(WebUiBuiltInKeywords.groovy:1448)
	at com.kms.katalon.core.webui.keyword.WebUiBuiltInKeywords$verifyElementPresent$5.call(Unknown Source)
	at Login.run(Login:47)
	at com.kms.katalon.core.main.ScriptEngine.run(ScriptEngine.java:194)
	at com.kms.katalon.core.main.ScriptEngine.runScriptAsRawText(ScriptEngine.java:119)
	at com.kms.katalon.core.main.TestCaseExecutor.runScript(TestCaseExecutor.java:448)
	at com.kms.katalon.core.main.TestCaseExecutor.doExecute(TestCaseExecutor.java:439)
	at com.kms.katalon.core.main.TestCaseExecutor.processExecutionPhase(TestCaseExecutor.java:418)
	at com.kms.katalon.core.main.TestCaseExecutor.accessMainPhase(TestCaseExecutor.java:410)
	at com.kms.katalon.core.main.TestCaseExecutor.execute(TestCaseExecutor.java:285)
	at com.kms.katalon.core.common.CommonExecutor.accessTestCaseMainPhase(CommonExecutor.java:65)
	at com.kms.katalon.core.main.TestSuiteExecutor.accessTestSuiteMainPhase(TestSuiteExecutor.java:148)
	at com.kms.katalon.core.main.TestSuiteExecutor.execute(TestSuiteExecutor.java:106)
	at com.kms.katalon.core.main.TestCaseMain.startTestSuite(TestCaseMain.java:187)
	at com.kms.katalon.core.main.TestCaseMain$startTestSuite$0.call(Unknown Source)
	at TempTestSuite1747625752953.run(TempTestSuite1747625752953.groovy:35)
)

2025-05-19 10:36:48 - [MESSAGE][INFO] - Unable to find the element located by 'By.xpath: //input[@name='otc']'. Please recheck the objects properties to make sure the desired element is located. 

2025-05-19 10:36:48 - [MESSAGE][WARNING] - com.kms.katalon.core.webui.exception.WebElementNotFoundException: Web element with id: 'Object Repository/General/obj' located by '//input[@name='otc']' not found (Root cause: com.kms.katalon.core.exception.StepFailedException: com.kms.katalon.core.webui.exception.WebElementNotFoundException: Web element with id: 'Object Repository/General/obj' located by '//input[@name='otc']' not found
	at com.kms.katalon.core.webui.keyword.internal.WebUIKeywordMain.stepFailed(WebUIKeywordMain.groovy:64)
	at com.kms.katalon.core.webui.keyword.builtin.VerifyElementPresentKeyword$_verifyElementPresent_closure1.doCall(VerifyElementPresentKeyword.groovy:85)
	at com.kms.katalon.core.webui.keyword.builtin.VerifyElementPresentKeyword$_verifyElementPresent_closure1.call(VerifyElementPresentKeyword.groovy)
	at com.kms.katalon.core.webui.keyword.internal.WebUIKeywordMain.runKeyword(WebUIKeywordMain.groovy:20)
	at com.kms.katalon.core.webui.keyword.builtin.VerifyElementPresentKeyword.verifyElementPresent(VerifyElementPresentKeyword.groovy:92)
	at com.kms.katalon.core.webui.keyword.builtin.VerifyElementPresentKeyword.execute(VerifyElementPresentKeyword.groovy:68)
	at com.kms.katalon.core.keyword.internal.KeywordExecutor.executeKeywordForPlatform(KeywordExecutor.groovy:74)
	at com.kms.katalon.core.webui.keyword.WebUiBuiltInKeywords.verifyElementPresent(WebUiBuiltInKeywords.groovy:1448)
	at com.kms.katalon.core.webui.keyword.WebUiBuiltInKeywords$verifyElementPresent$5.call(Unknown Source)
	at Login.run(Login:47)
	at com.kms.katalon.core.main.ScriptEngine.run(ScriptEngine.java:194)
	at com.kms.katalon.core.main.ScriptEngine.runScriptAsRawText(ScriptEngine.java:119)
	at com.kms.katalon.core.main.TestCaseExecutor.runScript(TestCaseExecutor.java:448)
	at com.kms.katalon.core.main.TestCaseExecutor.doExecute(TestCaseExecutor.java:439)
	at com.kms.katalon.core.main.TestCaseExecutor.processExecutionPhase(TestCaseExecutor.java:418)
	at com.kms.katalon.core.main.TestCaseExecutor.accessMainPhase(TestCaseExecutor.java:410)
	at com.kms.katalon.core.main.TestCaseExecutor.execute(TestCaseExecutor.java:285)
	at com.kms.katalon.core.common.CommonExecutor.accessTestCaseMainPhase(CommonExecutor.java:65)
	at com.kms.katalon.core.main.TestSuiteExecutor.accessTestSuiteMainPhase(TestSuiteExecutor.java:148)
	at com.kms.katalon.core.main.TestSuiteExecutor.execute(TestSuiteExecutor.java:106)
	at com.kms.katalon.core.main.TestCaseMain.startTestSuite(TestCaseMain.java:187)
	at com.kms.katalon.core.main.TestCaseMain$startTestSuite$0.call(Unknown Source)
	at TempTestSuite1747625752953.run(TempTestSuite1747625752953.groovy:35)
)
[[ATTACHMENT|D:\\Work\\Automation\\comet_automate\\Reports\\20250519_103552\\TS02 Approve Reactivation XLC Online\\20250519_103552\\1747625808377.png]]

2025-05-19 10:36:48 - [TEST_STEP][PASSED] - waitForElementClickable(findTestObject("General/obj", ["obj":"input", "attr":"@id", "val":"idSIButton9"]), 5): Object 'Object Repository/General/obj' is clickable

2025-05-19 10:36:49 - [MESSAGE][PASSED] - Object 'Object Repository/General/obj' is clickable

2025-05-19 10:36:49 - [TEST_STEP][PASSED] - click(findTestObject("General/obj", ["obj":"input", "attr":"@id", "val":"idSIButton9"])): Object: 'Object Repository/General/obj' is clicked on

2025-05-19 10:36:53 - [MESSAGE][PASSED] - Object: 'Object Repository/General/obj' is clicked on]]></system-out>
         <system-err><![CDATA[]]></system-err>
      </testcase>
      <testcase name="Test Cases/Main TC/XLC Approval/Filter based on TicketID" time="4.93" classname="Test Cases/Main TC/XLC Approval/Filter based on TicketID" status="PASSED">
         <system-out><![CDATA[2025-05-19 10:36:53 - [TEST_CASE][PASSED] - Test Cases/Main TC/XLC Approval/Filter based on TicketID: Test Cases/Main TC/XLC Approval/Filter based on TicketID

2025-05-19 10:36:53 - [TEST_STEP][PASSED] - click(findTestObject("Spesific/MenuMain", ["mainMenu":"Customer Support"])): Object: 'Object Repository/Spesific/MenuMain' is clicked on

2025-05-19 10:36:54 - [MESSAGE][PASSED] - Object: 'Object Repository/Spesific/MenuMain' is clicked on

2025-05-19 10:36:54 - [TEST_STEP][PASSED] - click(findTestObject("Spesific/MenuSub", ["subMenu":"XL Center Approval"])): Object: 'Object Repository/Spesific/MenuSub' is clicked on

2025-05-19 10:36:54 - [MESSAGE][PASSED] - Object: 'Object Repository/Spesific/MenuSub' is clicked on

2025-05-19 10:36:54 - [TEST_STEP][PASSED] - setText(findTestObject("General/obj", ["obj":"input", "attr":"@formcontrolname", "val":"ticketId"]), ApplicationID): Text '2623905' is set on object 'Object Repository/General/obj'

2025-05-19 10:36:55 - [MESSAGE][PASSED] - Text '2623905' is set on object 'Object Repository/General/obj'

2025-05-19 10:36:55 - [TEST_STEP][PASSED] - callTestCase(findTestCase("Library/LIB003 Select from Dropdown"), ["selectionName":"serviceType", "selectedOption":serviceType], STOP_ON_FAILURE): Call Test Case 'Test Cases/Library/LIB003 Select from Dropdown' successfully

2025-05-19 10:36:55 - [TEST_CASE][PASSED] - Test Cases/Library/LIB003 Select from Dropdown: Test Cases/Library/LIB003 Select from Dropdown

2025-05-19 10:36:55 - [TEST_STEP][PASSED] - click(findTestObject("General/obj", ["obj":"p-dropdown", "attr":"@formcontrolname", "val":selectionName])): Object: 'Object Repository/General/obj' is clicked on

2025-05-19 10:36:56 - [MESSAGE][PASSED] - Object: 'Object Repository/General/obj' is clicked on

2025-05-19 10:36:56 - [TEST_STEP][PASSED] - if (selectedOption == null || selectedOption == ""): null

2025-05-19 10:36:56 - [TEST_STEP][PASSED] - else: Object: 'Object Repository/General/obj' is clicked on

2025-05-19 10:36:56 - [TEST_STEP][PASSED] - click(findTestObject("General/obj", ["obj":"li", "attr":"@aria-label", "val":selectedOption])): Object: 'Object Repository/General/obj' is clicked on

2025-05-19 10:36:56 - [MESSAGE][PASSED] - Object: 'Object Repository/General/obj' is clicked on

2025-05-19 10:36:56 - [MESSAGE][PASSED] - Call Test Case 'Test Cases/Library/LIB003 Select from Dropdown' successfully

2025-05-19 10:36:56 - [TEST_STEP][PASSED] - callTestCase(findTestCase("Library/LIB003 Select from Dropdown"), ["selectionName":"channel", "selectedOption":channel], STOP_ON_FAILURE): Call Test Case 'Test Cases/Library/LIB003 Select from Dropdown' successfully

2025-05-19 10:36:56 - [TEST_CASE][PASSED] - Test Cases/Library/LIB003 Select from Dropdown: Test Cases/Library/LIB003 Select from Dropdown

2025-05-19 10:36:56 - [TEST_STEP][PASSED] - click(findTestObject("General/obj", ["obj":"p-dropdown", "attr":"@formcontrolname", "val":selectionName])): Object: 'Object Repository/General/obj' is clicked on

2025-05-19 10:36:57 - [MESSAGE][PASSED] - Object: 'Object Repository/General/obj' is clicked on

2025-05-19 10:36:57 - [TEST_STEP][PASSED] - if (selectedOption == null || selectedOption == ""): null

2025-05-19 10:36:57 - [TEST_STEP][PASSED] - else: Object: 'Object Repository/General/obj' is clicked on

2025-05-19 10:36:57 - [TEST_STEP][PASSED] - click(findTestObject("General/obj", ["obj":"li", "attr":"@aria-label", "val":selectedOption])): Object: 'Object Repository/General/obj' is clicked on

2025-05-19 10:36:57 - [MESSAGE][PASSED] - Object: 'Object Repository/General/obj' is clicked on

2025-05-19 10:36:57 - [MESSAGE][PASSED] - Call Test Case 'Test Cases/Library/LIB003 Select from Dropdown' successfully

2025-05-19 10:36:57 - [TEST_STEP][PASSED] - click(findTestObject("General/obj contains", ["obj":"button", "attr":"text()", "val":"Search"])): Object: 'Object Repository/General/obj contains' is clicked on

2025-05-19 10:36:57 - [MESSAGE][PASSED] - Object: 'Object Repository/General/obj contains' is clicked on

2025-05-19 10:36:57 - [TEST_STEP][PASSED] - takeScreenshot(): Taking screenshot successfully

2025-05-19 10:36:58 - [MESSAGE][PASSED] - Taking screenshot successfully
[[ATTACHMENT|D:\\Work\\Automation\\comet_automate\\Reports\\20250519_103552\\TS02 Approve Reactivation XLC Online\\20250519_103552\\1747625817856.png]]]]></system-out>
         <system-err><![CDATA[]]></system-err>
      </testcase>
      <testcase name="Test Cases/Main TC/XLC Approval/Update and verification Data" time="43.976" classname="Test Cases/Main TC/XLC Approval/Update and verification Data" status="PASSED">
         <system-out><![CDATA[2025-05-19 10:36:58 - [TEST_CASE][PASSED] - Test Cases/Main TC/XLC Approval/Update and verification Data: Test Cases/Main TC/XLC Approval/Update and verification Data

2025-05-19 10:36:58 - [TEST_STEP][PASSED] - delay(2): Delayed 2 second(s)

2025-05-19 10:37:00 - [MESSAGE][PASSED] - Delayed 2 second(s)

2025-05-19 10:37:00 - [TEST_STEP][PASSED] - scrollToElement(findTestObject("General/obj contains", ["obj":"img", "attr":"@src", "val":"eye"]), 5): Scroll to object 'Object Repository/General/obj contains' successfully

2025-05-19 10:37:05 - [MESSAGE][PASSED] - Scroll to object 'Object Repository/General/obj contains' successfully

2025-05-19 10:37:05 - [TEST_STEP][PASSED] - click(findTestObject("General/obj contains", ["obj":"img", "attr":"@src", "val":"eye"])): Object: 'Object Repository/General/obj contains' is clicked on

2025-05-19 10:37:06 - [MESSAGE][PASSED] - Object: 'Object Repository/General/obj contains' is clicked on

2025-05-19 10:37:06 - [TEST_STEP][PASSED] - takeFullPageScreenshot(): Taking screenshot successfully

2025-05-19 10:37:07 - [MESSAGE][INFO] - 0 hidden object(s)

2025-05-19 10:37:07 - [MESSAGE][PASSED] - Taking screenshot successfully
[[ATTACHMENT|D:\\Work\\Automation\\comet_automate\\Reports\\20250519_103552\\TS02 Approve Reactivation XLC Online\\20250519_103552\\1747625826177.png]]

2025-05-19 10:37:07 - [TEST_STEP][PASSED] - click(findTestObject("General/obj contains", ["obj":"button", "attr":"text()", "val":"Update Data"])): Object: 'Object Repository/General/obj contains' is clicked on

2025-05-19 10:37:07 - [MESSAGE][PASSED] - Object: 'Object Repository/General/obj contains' is clicked on

2025-05-19 10:37:07 - [TEST_STEP][PASSED] - callTestCase(findTestCase("Library/LIB003 Select from Dropdown"), ["selectionName":"iccidCheckStatus", "selectedOption":iccidCheckStatus], STOP_ON_FAILURE): Call Test Case 'Test Cases/Library/LIB003 Select from Dropdown' successfully

2025-05-19 10:37:07 - [TEST_CASE][PASSED] - Test Cases/Library/LIB003 Select from Dropdown: Test Cases/Library/LIB003 Select from Dropdown

2025-05-19 10:37:07 - [TEST_STEP][PASSED] - click(findTestObject("General/obj", ["obj":"p-dropdown", "attr":"@formcontrolname", "val":selectionName])): Object: 'Object Repository/General/obj' is clicked on

2025-05-19 10:37:08 - [MESSAGE][PASSED] - Object: 'Object Repository/General/obj' is clicked on

2025-05-19 10:37:08 - [TEST_STEP][PASSED] - if (selectedOption == null || selectedOption == ""): null

2025-05-19 10:37:08 - [TEST_STEP][PASSED] - else: Object: 'Object Repository/General/obj' is clicked on

2025-05-19 10:37:08 - [TEST_STEP][PASSED] - click(findTestObject("General/obj", ["obj":"li", "attr":"@aria-label", "val":selectedOption])): Object: 'Object Repository/General/obj' is clicked on

2025-05-19 10:37:08 - [MESSAGE][PASSED] - Object: 'Object Repository/General/obj' is clicked on

2025-05-19 10:37:08 - [MESSAGE][PASSED] - Call Test Case 'Test Cases/Library/LIB003 Select from Dropdown' successfully

2025-05-19 10:37:08 - [TEST_STEP][PASSED] - callTestCase(findTestCase("Library/LIB003 Select from Dropdown"), ["selectionName":"nikCheckStatus", "selectedOption":nikCheckStatus], STOP_ON_FAILURE): Call Test Case 'Test Cases/Library/LIB003 Select from Dropdown' successfully

2025-05-19 10:37:08 - [TEST_CASE][PASSED] - Test Cases/Library/LIB003 Select from Dropdown: Test Cases/Library/LIB003 Select from Dropdown

2025-05-19 10:37:08 - [TEST_STEP][PASSED] - click(findTestObject("General/obj", ["obj":"p-dropdown", "attr":"@formcontrolname", "val":selectionName])): Object: 'Object Repository/General/obj' is clicked on

2025-05-19 10:37:09 - [MESSAGE][PASSED] - Object: 'Object Repository/General/obj' is clicked on

2025-05-19 10:37:09 - [TEST_STEP][PASSED] - if (selectedOption == null || selectedOption == ""): null

2025-05-19 10:37:09 - [TEST_STEP][PASSED] - else: Object: 'Object Repository/General/obj' is clicked on

2025-05-19 10:37:09 - [TEST_STEP][PASSED] - click(findTestObject("General/obj", ["obj":"li", "attr":"@aria-label", "val":selectedOption])): Object: 'Object Repository/General/obj' is clicked on

2025-05-19 10:37:09 - [MESSAGE][PASSED] - Object: 'Object Repository/General/obj' is clicked on

2025-05-19 10:37:09 - [MESSAGE][PASSED] - Call Test Case 'Test Cases/Library/LIB003 Select from Dropdown' successfully

2025-05-19 10:37:09 - [TEST_STEP][PASSED] - callTestCase(findTestCase("Library/LIB003 Select from Dropdown"), ["selectionName":"nameCheckStatus", "selectedOption":nameCheckStatus], STOP_ON_FAILURE): Call Test Case 'Test Cases/Library/LIB003 Select from Dropdown' successfully

2025-05-19 10:37:09 - [TEST_CASE][PASSED] - Test Cases/Library/LIB003 Select from Dropdown: Test Cases/Library/LIB003 Select from Dropdown

2025-05-19 10:37:09 - [TEST_STEP][PASSED] - click(findTestObject("General/obj", ["obj":"p-dropdown", "attr":"@formcontrolname", "val":selectionName])): Object: 'Object Repository/General/obj' is clicked on

2025-05-19 10:37:10 - [MESSAGE][PASSED] - Object: 'Object Repository/General/obj' is clicked on

2025-05-19 10:37:10 - [TEST_STEP][PASSED] - if (selectedOption == null || selectedOption == ""): null

2025-05-19 10:37:10 - [TEST_STEP][PASSED] - else: Object: 'Object Repository/General/obj' is clicked on

2025-05-19 10:37:10 - [TEST_STEP][PASSED] - click(findTestObject("General/obj", ["obj":"li", "attr":"@aria-label", "val":selectedOption])): Object: 'Object Repository/General/obj' is clicked on

2025-05-19 10:37:10 - [MESSAGE][PASSED] - Object: 'Object Repository/General/obj' is clicked on

2025-05-19 10:37:10 - [MESSAGE][PASSED] - Call Test Case 'Test Cases/Library/LIB003 Select from Dropdown' successfully

2025-05-19 10:37:10 - [TEST_STEP][PASSED] - callTestCase(findTestCase("Library/LIB003 Select from Dropdown"), ["selectionName":"cardImageCheckStatus", "selectedOption":ValidationImage], STOP_ON_FAILURE): Call Test Case 'Test Cases/Library/LIB003 Select from Dropdown' successfully

2025-05-19 10:37:10 - [TEST_CASE][PASSED] - Test Cases/Library/LIB003 Select from Dropdown: Test Cases/Library/LIB003 Select from Dropdown

2025-05-19 10:37:10 - [TEST_STEP][PASSED] - click(findTestObject("General/obj", ["obj":"p-dropdown", "attr":"@formcontrolname", "val":selectionName])): Object: 'Object Repository/General/obj' is clicked on

2025-05-19 10:37:10 - [MESSAGE][PASSED] - Object: 'Object Repository/General/obj' is clicked on

2025-05-19 10:37:10 - [TEST_STEP][PASSED] - if (selectedOption == null || selectedOption == ""): null

2025-05-19 10:37:10 - [TEST_STEP][PASSED] - else: Object: 'Object Repository/General/obj' is clicked on

2025-05-19 10:37:10 - [TEST_STEP][PASSED] - click(findTestObject("General/obj", ["obj":"li", "attr":"@aria-label", "val":selectedOption])): Object: 'Object Repository/General/obj' is clicked on

2025-05-19 10:37:11 - [MESSAGE][PASSED] - Object: 'Object Repository/General/obj' is clicked on

2025-05-19 10:37:11 - [MESSAGE][PASSED] - Call Test Case 'Test Cases/Library/LIB003 Select from Dropdown' successfully

2025-05-19 10:37:11 - [TEST_STEP][PASSED] - callTestCase(findTestCase("Library/LIB003 Select from Dropdown"), ["selectionName":"selfieImageCheckStatus", "selectedOption":ValidationImage], STOP_ON_FAILURE): Call Test Case 'Test Cases/Library/LIB003 Select from Dropdown' successfully

2025-05-19 10:37:11 - [TEST_CASE][PASSED] - Test Cases/Library/LIB003 Select from Dropdown: Test Cases/Library/LIB003 Select from Dropdown

2025-05-19 10:37:11 - [TEST_STEP][PASSED] - click(findTestObject("General/obj", ["obj":"p-dropdown", "attr":"@formcontrolname", "val":selectionName])): Object: 'Object Repository/General/obj' is clicked on

2025-05-19 10:37:11 - [MESSAGE][PASSED] - Object: 'Object Repository/General/obj' is clicked on

2025-05-19 10:37:11 - [TEST_STEP][PASSED] - if (selectedOption == null || selectedOption == ""): null

2025-05-19 10:37:11 - [TEST_STEP][PASSED] - else: Object: 'Object Repository/General/obj' is clicked on

2025-05-19 10:37:11 - [TEST_STEP][PASSED] - click(findTestObject("General/obj", ["obj":"li", "attr":"@aria-label", "val":selectedOption])): Object: 'Object Repository/General/obj' is clicked on

2025-05-19 10:37:12 - [MESSAGE][PASSED] - Object: 'Object Repository/General/obj' is clicked on

2025-05-19 10:37:12 - [MESSAGE][PASSED] - Call Test Case 'Test Cases/Library/LIB003 Select from Dropdown' successfully

2025-05-19 10:37:12 - [TEST_STEP][PASSED] - callTestCase(findTestCase("Library/LIB003 Select from Dropdown"), ["selectionName":"iccidImageCheckStatus", "selectedOption":ValidationImage], STOP_ON_FAILURE): Call Test Case 'Test Cases/Library/LIB003 Select from Dropdown' successfully

2025-05-19 10:37:12 - [TEST_CASE][PASSED] - Test Cases/Library/LIB003 Select from Dropdown: Test Cases/Library/LIB003 Select from Dropdown

2025-05-19 10:37:12 - [TEST_STEP][PASSED] - click(findTestObject("General/obj", ["obj":"p-dropdown", "attr":"@formcontrolname", "val":selectionName])): Object: 'Object Repository/General/obj' is clicked on

2025-05-19 10:37:12 - [MESSAGE][PASSED] - Object: 'Object Repository/General/obj' is clicked on

2025-05-19 10:37:12 - [TEST_STEP][PASSED] - if (selectedOption == null || selectedOption == ""): null

2025-05-19 10:37:12 - [TEST_STEP][PASSED] - else: Object: 'Object Repository/General/obj' is clicked on

2025-05-19 10:37:12 - [TEST_STEP][PASSED] - click(findTestObject("General/obj", ["obj":"li", "attr":"@aria-label", "val":selectedOption])): Object: 'Object Repository/General/obj' is clicked on

2025-05-19 10:37:12 - [MESSAGE][PASSED] - Object: 'Object Repository/General/obj' is clicked on

2025-05-19 10:37:12 - [MESSAGE][PASSED] - Call Test Case 'Test Cases/Library/LIB003 Select from Dropdown' successfully

2025-05-19 10:37:12 - [TEST_STEP][PASSED] - callTestCase(findTestCase("Library/LIB003 Select from Dropdown"), ["selectionName":"signatureCheckStatus", "selectedOption":ValidationImage], STOP_ON_FAILURE): Call Test Case 'Test Cases/Library/LIB003 Select from Dropdown' successfully

2025-05-19 10:37:13 - [TEST_CASE][PASSED] - Test Cases/Library/LIB003 Select from Dropdown: Test Cases/Library/LIB003 Select from Dropdown

2025-05-19 10:37:13 - [TEST_STEP][PASSED] - click(findTestObject("General/obj", ["obj":"p-dropdown", "attr":"@formcontrolname", "val":selectionName])): Object: 'Object Repository/General/obj' is clicked on

2025-05-19 10:37:13 - [MESSAGE][PASSED] - Object: 'Object Repository/General/obj' is clicked on

2025-05-19 10:37:13 - [TEST_STEP][PASSED] - if (selectedOption == null || selectedOption == ""): null

2025-05-19 10:37:13 - [TEST_STEP][PASSED] - else: Object: 'Object Repository/General/obj' is clicked on

2025-05-19 10:37:13 - [TEST_STEP][PASSED] - click(findTestObject("General/obj", ["obj":"li", "attr":"@aria-label", "val":selectedOption])): Object: 'Object Repository/General/obj' is clicked on

2025-05-19 10:37:13 - [MESSAGE][PASSED] - Object: 'Object Repository/General/obj' is clicked on

2025-05-19 10:37:13 - [MESSAGE][PASSED] - Call Test Case 'Test Cases/Library/LIB003 Select from Dropdown' successfully

2025-05-19 10:37:13 - [TEST_STEP][PASSED] - click(findTestObject("General/obj contains", ["obj":"button", "attr":"text()", "val":"Capture"])): Object: 'Object Repository/General/obj contains' is clicked on

2025-05-19 10:37:14 - [MESSAGE][PASSED] - Object: 'Object Repository/General/obj contains' is clicked on

2025-05-19 10:37:14 - [TEST_STEP][PASSED] - additionalKeyword.allowBrowserPermission(): additionalKeyword.allowBrowserPermission is PASSED

2025-05-19 10:37:22 - [MESSAGE][PASSED] - additionalKeyword.allowBrowserPermission is PASSED

2025-05-19 10:37:22 - [TEST_STEP][PASSED] - click(findTestObject("Spesific/btn Capturephoto")): Object: 'Object Repository/Spesific/btn Capturephoto' is clicked on

2025-05-19 10:37:23 - [MESSAGE][PASSED] - Object: 'Object Repository/Spesific/btn Capturephoto' is clicked on

2025-05-19 10:37:23 - [TEST_STEP][PASSED] - click(findTestObject("General/obj contains", ["obj":"button", "attr":"text()", "val":"Save and Exit"])): Object: 'Object Repository/General/obj contains' is clicked on

2025-05-19 10:37:23 - [MESSAGE][PASSED] - Object: 'Object Repository/General/obj contains' is clicked on

2025-05-19 10:37:23 - [TEST_STEP][PASSED] - callTestCase(findTestCase("Library/LIB003 Select from Dropdown"), ["selectionName":"videoCallStatus", "selectedOption":videoCallStatus], STOP_ON_FAILURE): Call Test Case 'Test Cases/Library/LIB003 Select from Dropdown' successfully

2025-05-19 10:37:23 - [TEST_CASE][PASSED] - Test Cases/Library/LIB003 Select from Dropdown: Test Cases/Library/LIB003 Select from Dropdown

2025-05-19 10:37:23 - [TEST_STEP][PASSED] - click(findTestObject("General/obj", ["obj":"p-dropdown", "attr":"@formcontrolname", "val":selectionName])): Object: 'Object Repository/General/obj' is clicked on

2025-05-19 10:37:30 - [MESSAGE][PASSED] - Object: 'Object Repository/General/obj' is clicked on

2025-05-19 10:37:30 - [TEST_STEP][PASSED] - if (selectedOption == null || selectedOption == ""): null

2025-05-19 10:37:30 - [TEST_STEP][PASSED] - else: Object: 'Object Repository/General/obj' is clicked on

2025-05-19 10:37:30 - [TEST_STEP][PASSED] - click(findTestObject("General/obj", ["obj":"li", "attr":"@aria-label", "val":selectedOption])): Object: 'Object Repository/General/obj' is clicked on

2025-05-19 10:37:30 - [MESSAGE][PASSED] - Object: 'Object Repository/General/obj' is clicked on

2025-05-19 10:37:30 - [MESSAGE][PASSED] - Call Test Case 'Test Cases/Library/LIB003 Select from Dropdown' successfully

2025-05-19 10:37:30 - [TEST_STEP][PASSED] - setText(findTestObject("General/obj", ["obj":"textarea", "attr":"@formcontrolname", "val":"note"]), "testing"): Text 'testing' is set on object 'Object Repository/General/obj'

2025-05-19 10:37:31 - [MESSAGE][PASSED] - Text 'testing' is set on object 'Object Repository/General/obj'

2025-05-19 10:37:31 - [TEST_STEP][PASSED] - takeFullPageScreenshot(): Taking screenshot successfully

2025-05-19 10:37:33 - [MESSAGE][INFO] - 0 hidden object(s)

2025-05-19 10:37:34 - [MESSAGE][PASSED] - Taking screenshot successfully
[[ATTACHMENT|D:\\Work\\Automation\\comet_automate\\Reports\\20250519_103552\\TS02 Approve Reactivation XLC Online\\20250519_103552\\1747625851408.png]]

2025-05-19 10:37:34 - [TEST_STEP][PASSED] - click(findTestObject("General/obj contains", ["obj":"button", "attr":"text()", "val":"Save"])): Object: 'Object Repository/General/obj contains' is clicked on

2025-05-19 10:37:34 - [MESSAGE][PASSED] - Object: 'Object Repository/General/obj contains' is clicked on

2025-05-19 10:37:34 - [TEST_STEP][PASSED] - takeFullPageScreenshot(): Taking screenshot successfully

2025-05-19 10:37:36 - [MESSAGE][INFO] - 0 hidden object(s)

2025-05-19 10:37:37 - [MESSAGE][PASSED] - Taking screenshot successfully
[[ATTACHMENT|D:\\Work\\Automation\\comet_automate\\Reports\\20250519_103552\\TS02 Approve Reactivation XLC Online\\20250519_103552\\1747625854471.png]]

2025-05-19 10:37:37 - [TEST_STEP][PASSED] - click(findTestObject("General/obj contains", ["obj":"button", "attr":"text()", "val":"Back"])): Object: 'Object Repository/General/obj contains' is clicked on

2025-05-19 10:37:41 - [MESSAGE][PASSED] - Object: 'Object Repository/General/obj contains' is clicked on

2025-05-19 10:37:41 - [TEST_STEP][PASSED] - takeScreenshot(): Taking screenshot successfully

2025-05-19 10:37:42 - [MESSAGE][PASSED] - Taking screenshot successfully
[[ATTACHMENT|D:\\Work\\Automation\\comet_automate\\Reports\\20250519_103552\\TS02 Approve Reactivation XLC Online\\20250519_103552\\1747625861828.png]]]]></system-out>
         <system-err><![CDATA[]]></system-err>
      </testcase>
      <testcase name="Test Cases/Main TC/XLC Approval/Approve transaction" time="15.503" classname="Test Cases/Main TC/XLC Approval/Approve transaction" status="PASSED">
         <system-out><![CDATA[2025-05-19 10:37:42 - [TEST_CASE][PASSED] - Test Cases/Main TC/XLC Approval/Approve transaction: Test Cases/Main TC/XLC Approval/Approve transaction

2025-05-19 10:37:42 - [TEST_STEP][PASSED] - callTestCase(findTestCase("Main TC/XLC Approval/Filter based on TicketID"), ["ApplicationID":ApplicationID, "serviceType":"Reactivation", "channel":"XL CENTER"], STOP_ON_FAILURE): Call Test Case 'Test Cases/Main TC/XLC Approval/Filter based on TicketID' successfully

2025-05-19 10:37:42 - [TEST_CASE][PASSED] - Test Cases/Main TC/XLC Approval/Filter based on TicketID: Test Cases/Main TC/XLC Approval/Filter based on TicketID

2025-05-19 10:37:42 - [TEST_STEP][PASSED] - click(findTestObject("Spesific/MenuMain", ["mainMenu":"Customer Support"])): Object: 'Object Repository/Spesific/MenuMain' is clicked on

2025-05-19 10:37:45 - [MESSAGE][PASSED] - Object: 'Object Repository/Spesific/MenuMain' is clicked on

2025-05-19 10:37:45 - [TEST_STEP][PASSED] - click(findTestObject("Spesific/MenuSub", ["subMenu":"XL Center Approval"])): Object: 'Object Repository/Spesific/MenuSub' is clicked on

2025-05-19 10:37:45 - [MESSAGE][PASSED] - Object: 'Object Repository/Spesific/MenuSub' is clicked on

2025-05-19 10:37:45 - [TEST_STEP][PASSED] - setText(findTestObject("General/obj", ["obj":"input", "attr":"@formcontrolname", "val":"ticketId"]), ApplicationID): Text '2623905' is set on object 'Object Repository/General/obj'

2025-05-19 10:37:46 - [MESSAGE][PASSED] - Text '2623905' is set on object 'Object Repository/General/obj'

2025-05-19 10:37:46 - [TEST_STEP][PASSED] - callTestCase(findTestCase("Library/LIB003 Select from Dropdown"), ["selectionName":"serviceType", "selectedOption":serviceType], STOP_ON_FAILURE): Call Test Case 'Test Cases/Library/LIB003 Select from Dropdown' successfully

2025-05-19 10:37:46 - [TEST_CASE][PASSED] - Test Cases/Library/LIB003 Select from Dropdown: Test Cases/Library/LIB003 Select from Dropdown

2025-05-19 10:37:46 - [TEST_STEP][PASSED] - click(findTestObject("General/obj", ["obj":"p-dropdown", "attr":"@formcontrolname", "val":selectionName])): Object: 'Object Repository/General/obj' is clicked on

2025-05-19 10:37:46 - [MESSAGE][PASSED] - Object: 'Object Repository/General/obj' is clicked on

2025-05-19 10:37:46 - [TEST_STEP][PASSED] - if (selectedOption == null || selectedOption == ""): null

2025-05-19 10:37:46 - [TEST_STEP][PASSED] - else: Object: 'Object Repository/General/obj' is clicked on

2025-05-19 10:37:46 - [TEST_STEP][PASSED] - click(findTestObject("General/obj", ["obj":"li", "attr":"@aria-label", "val":selectedOption])): Object: 'Object Repository/General/obj' is clicked on

2025-05-19 10:37:46 - [MESSAGE][PASSED] - Object: 'Object Repository/General/obj' is clicked on

2025-05-19 10:37:46 - [MESSAGE][PASSED] - Call Test Case 'Test Cases/Library/LIB003 Select from Dropdown' successfully

2025-05-19 10:37:46 - [TEST_STEP][PASSED] - callTestCase(findTestCase("Library/LIB003 Select from Dropdown"), ["selectionName":"channel", "selectedOption":channel], STOP_ON_FAILURE): Call Test Case 'Test Cases/Library/LIB003 Select from Dropdown' successfully

2025-05-19 10:37:47 - [TEST_CASE][PASSED] - Test Cases/Library/LIB003 Select from Dropdown: Test Cases/Library/LIB003 Select from Dropdown

2025-05-19 10:37:47 - [TEST_STEP][PASSED] - click(findTestObject("General/obj", ["obj":"p-dropdown", "attr":"@formcontrolname", "val":selectionName])): Object: 'Object Repository/General/obj' is clicked on

2025-05-19 10:37:47 - [MESSAGE][PASSED] - Object: 'Object Repository/General/obj' is clicked on

2025-05-19 10:37:47 - [TEST_STEP][PASSED] - if (selectedOption == null || selectedOption == ""): null

2025-05-19 10:37:47 - [TEST_STEP][PASSED] - else: Object: 'Object Repository/General/obj' is clicked on

2025-05-19 10:37:47 - [TEST_STEP][PASSED] - click(findTestObject("General/obj", ["obj":"li", "attr":"@aria-label", "val":selectedOption])): Object: 'Object Repository/General/obj' is clicked on

2025-05-19 10:37:47 - [MESSAGE][PASSED] - Object: 'Object Repository/General/obj' is clicked on

2025-05-19 10:37:47 - [MESSAGE][PASSED] - Call Test Case 'Test Cases/Library/LIB003 Select from Dropdown' successfully

2025-05-19 10:37:47 - [TEST_STEP][PASSED] - click(findTestObject("General/obj contains", ["obj":"button", "attr":"text()", "val":"Search"])): Object: 'Object Repository/General/obj contains' is clicked on

2025-05-19 10:37:48 - [MESSAGE][PASSED] - Object: 'Object Repository/General/obj contains' is clicked on

2025-05-19 10:37:48 - [TEST_STEP][PASSED] - takeScreenshot(): Taking screenshot successfully

2025-05-19 10:37:48 - [MESSAGE][PASSED] - Taking screenshot successfully
[[ATTACHMENT|D:\\Work\\Automation\\comet_automate\\Reports\\20250519_103552\\TS02 Approve Reactivation XLC Online\\20250519_103552\\1747625868167.png]]

2025-05-19 10:37:48 - [MESSAGE][PASSED] - Call Test Case 'Test Cases/Main TC/XLC Approval/Filter based on TicketID' successfully

2025-05-19 10:37:48 - [TEST_STEP][PASSED] - scrollToElement(findTestObject("General/obj contains", ["obj":"img", "attr":"@src", "val":"eye"]), 5): Scroll to object 'Object Repository/General/obj contains' successfully

2025-05-19 10:37:50 - [MESSAGE][PASSED] - Scroll to object 'Object Repository/General/obj contains' successfully

2025-05-19 10:37:50 - [TEST_STEP][PASSED] - click(findTestObject("General/obj contains", ["obj":"img", "attr":"@src", "val":"eye"])): Object: 'Object Repository/General/obj contains' is clicked on

2025-05-19 10:37:50 - [MESSAGE][PASSED] - Object: 'Object Repository/General/obj contains' is clicked on

2025-05-19 10:37:50 - [TEST_STEP][PASSED] - takeFullPageScreenshot(): Taking screenshot successfully

2025-05-19 10:37:51 - [MESSAGE][INFO] - 0 hidden object(s)

2025-05-19 10:37:51 - [MESSAGE][PASSED] - Taking screenshot successfully
[[ATTACHMENT|D:\\Work\\Automation\\comet_automate\\Reports\\20250519_103552\\TS02 Approve Reactivation XLC Online\\20250519_103552\\1747625870897.png]]

2025-05-19 10:37:51 - [TEST_STEP][PASSED] - click(findTestObject("General/obj contains", ["obj":"button", "attr":"text()", "val":"Approve"])): Object: 'Object Repository/General/obj contains' is clicked on

2025-05-19 10:37:54 - [MESSAGE][PASSED] - Object: 'Object Repository/General/obj contains' is clicked on

2025-05-19 10:37:54 - [TEST_STEP][PASSED] - takeScreenshot(): Taking screenshot successfully

2025-05-19 10:37:54 - [MESSAGE][PASSED] - Taking screenshot successfully
[[ATTACHMENT|D:\\Work\\Automation\\comet_automate\\Reports\\20250519_103552\\TS02 Approve Reactivation XLC Online\\20250519_103552\\1747625874470.png]]

2025-05-19 10:37:54 - [TEST_STEP][PASSED] - click(findTestObject("General/obj contains", ["obj":"button", "attr":"text()", "val":"YES"])): Object: 'Object Repository/General/obj contains' is clicked on

2025-05-19 10:37:55 - [MESSAGE][PASSED] - Object: 'Object Repository/General/obj contains' is clicked on

2025-05-19 10:37:55 - [TEST_STEP][PASSED] - waitForElementVisible(findTestObject("General/obj", ["obj":"div", "attr":"@class", "val":"topic"]), 8): Object 'Object Repository/General/obj' is visible

2025-05-19 10:37:56 - [MESSAGE][PASSED] - Object 'Object Repository/General/obj' is visible

2025-05-19 10:37:56 - [TEST_STEP][PASSED] - takeScreenshot(): Taking screenshot successfully

2025-05-19 10:37:56 - [MESSAGE][PASSED] - Taking screenshot successfully
[[ATTACHMENT|D:\\Work\\Automation\\comet_automate\\Reports\\20250519_103552\\TS02 Approve Reactivation XLC Online\\20250519_103552\\1747625876617.png]]

2025-05-19 10:37:56 - [TEST_STEP][PASSED] - click(findTestObject("General/obj contains", ["obj":"button", "attr":"text()", "val":"Back"])): Object: 'Object Repository/General/obj contains' is clicked on

2025-05-19 10:37:57 - [MESSAGE][PASSED] - Object: 'Object Repository/General/obj contains' is clicked on

2025-05-19 10:37:57 - [TEST_STEP][PASSED] - takeScreenshot(): Taking screenshot successfully

2025-05-19 10:37:57 - [MESSAGE][PASSED] - Taking screenshot successfully
[[ATTACHMENT|D:\\Work\\Automation\\comet_automate\\Reports\\20250519_103552\\TS02 Approve Reactivation XLC Online\\20250519_103552\\1747625877359.png]]]]></system-out>
         <system-err><![CDATA[]]></system-err>
      </testcase>
      <system-out><![CDATA[2025-05-19 10:36:17 - [TEST_SUITE][PASSED] - TS02 Approve Reactivation XLC Online: Test Cases/Main TC/XLC Approval/Approve transaction]]></system-out>
      <system-err><![CDATA[]]></system-err>
   </testsuite>
</testsuites>
