<?xml version="1.0" encoding="UTF-8"?>
<testsuites name="TS04 Approve Replacement USIM XLC Online" time="144.496" tests="4" failures="0" errors="0">
   <testsuite name="TS04 Approve Replacement USIM XLC Online" tests="4" failures="0" errors="0" time="144.496" skipped="0" timestamp="2025-05-20 10:46:57" hostname="ElviaElvia - IBM-PF5E7K0V" id="Test Suites/TS04 Approve Replacement USIM XLC Online">
      <properties>
         <property name="deviceName" value=""/>
         <property name="devicePlatform" value=""/>
         <property name="logFolder" value="D:\\Work\\Automation\\comet_automate\\Reports\\20250520_104633\\TS04 Approve Replacement USIM XLC Online\\20250520_104633"/>
         <property name="logFiles" value="D:\\Work\\Automation\\comet_automate\\Reports\\20250520_104633\\TS04 Approve Replacement USIM XLC Online\\20250520_104633\\execution0.log"/>
         <property name="attachments" value="D:\\Work\\Automation\\comet_automate\\Reports\\20250520_104633\\TS04 Approve Replacement USIM XLC Online\\20250520_104633\\1747712859010.png, D:\\Work\\Automation\\comet_automate\\Reports\\20250520_104633\\TS04 Approve Replacement USIM XLC Online\\20250520_104633\\1747712865864.png, D:\\Work\\Automation\\comet_automate\\Reports\\20250520_104633\\TS04 Approve Replacement USIM XLC Online\\20250520_104633\\1747712897300.png, D:\\Work\\Automation\\comet_automate\\Reports\\20250520_104633\\TS04 Approve Replacement USIM XLC Online\\20250520_104633\\1747712902136.png, D:\\Work\\Automation\\comet_automate\\Reports\\20250520_104633\\TS04 Approve Replacement USIM XLC Online\\20250520_104633\\1747712920732.png, D:\\Work\\Automation\\comet_automate\\Reports\\20250520_104633\\TS04 Approve Replacement USIM XLC Online\\20250520_104633\\1747712923388.png, D:\\Work\\Automation\\comet_automate\\Reports\\20250520_104633\\TS04 Approve Replacement USIM XLC Online\\20250520_104633\\1747712944493.png, D:\\Work\\Automation\\comet_automate\\Reports\\20250520_104633\\TS04 Approve Replacement USIM XLC Online\\20250520_104633\\1747712948481.png, D:\\Work\\Automation\\comet_automate\\Reports\\20250520_104633\\TS04 Approve Replacement USIM XLC Online\\20250520_104633\\1747712950005.png, D:\\Work\\Automation\\comet_automate\\Reports\\20250520_104633\\TS04 Approve Replacement USIM XLC Online\\20250520_104633\\1747712953474.png, D:\\Work\\Automation\\comet_automate\\Reports\\20250520_104633\\TS04 Approve Replacement USIM XLC Online\\20250520_104633\\1747712960976.png, D:\\Work\\Automation\\comet_automate\\Reports\\20250520_104633\\TS04 Approve Replacement USIM XLC Online\\20250520_104633\\1747712961780.png"/>
         <property name="hostName" value="ElviaElvia - IBM-PF5E7K0V"/>
         <property name="os" value="Windows 11 64bit"/>
         <property name="katalonVersion" value="8.6.9.208"/>
         <property name="browser" value="Chrome 136.0.0.0"/>
         <property name="hostAddress" value="192.168.0.162"/>
         <property name="sessionId" value="be53088f9656f8ec07cbf3d98b1a922e"/>
         <property name="seleniumVersion" value="3.141.59"/>
         <property name="proxyInformation" value="ProxyInformation { proxyOption=NO_PROXY, proxyServerType=HTTP, username=, password=********, proxyServerAddress=, proxyServerPort=0, executionList=&quot;&quot;, isApplyToDesiredCapabilities=true }"/>
         <property name="platform" value="Windows 11"/>
      </properties>
      <testcase name="Test Cases/Reused TC/2. Credential/Login" time="48.969" classname="Test Cases/Reused TC/2. Credential/Login" status="PASSED">
         <system-out><![CDATA[2025-05-20 10:46:58 - [TEST_CASE][PASSED] - Test Cases/Reused TC/2. Credential/Login: Test Cases/Reused TC/2. Credential/Login

2025-05-20 10:46:58 - [TEST_STEP][PASSED] - openBrowser(URL): Browser is opened with url: 'https://sit-aws.comet.xl.co.id/'

2025-05-20 10:46:59 - [MESSAGE][INFO] - Starting 'Chrome' driver

2025-05-20 10:46:59 - [MESSAGE][INFO] - Action delay is set to 0 milliseconds

2025-05-20 10:47:21 - [MESSAGE][PASSED] - Browser is opened with url: 'https://sit-aws.comet.xl.co.id/'

2025-05-20 10:47:21 - [TEST_STEP][PASSED] - maximizeWindow(): Current window maximized

2025-05-20 10:47:21 - [MESSAGE][PASSED] - Current window maximized

2025-05-20 10:47:21 - [TEST_STEP][PASSED] - enableSmartWait(): null

2025-05-20 10:47:22 - [TEST_STEP][PASSED] - click(findTestObject("Spesific/btn Login")): Object: 'Object Repository/Spesific/btn Login' is clicked on

2025-05-20 10:47:23 - [MESSAGE][PASSED] - Object: 'Object Repository/Spesific/btn Login' is clicked on

2025-05-20 10:47:23 - [TEST_STEP][PASSED] - setText(findTestObject("General/obj", ["obj":"input", "attr":"@name", "val":"loginfmt"]), username): Text 'xl.test4@xl.co.id' is set on object 'Object Repository/General/obj'

2025-05-20 10:47:26 - [MESSAGE][PASSED] - Text 'xl.test4@xl.co.id' is set on object 'Object Repository/General/obj'

2025-05-20 10:47:26 - [TEST_STEP][PASSED] - delay(2): Delayed 2 second(s)

2025-05-20 10:47:28 - [MESSAGE][PASSED] - Delayed 2 second(s)

2025-05-20 10:47:28 - [TEST_STEP][PASSED] - click(findTestObject("General/obj", ["obj":"input", "attr":"@id", "val":"idSIButton9"])): Object: 'Object Repository/General/obj' is clicked on

2025-05-20 10:47:28 - [MESSAGE][PASSED] - Object: 'Object Repository/General/obj' is clicked on

2025-05-20 10:47:28 - [TEST_STEP][PASSED] - delay(2, STOP_ON_FAILURE): Delayed 2 second(s)

2025-05-20 10:47:30 - [MESSAGE][PASSED] - Delayed 2 second(s)

2025-05-20 10:47:30 - [TEST_STEP][PASSED] - setEncryptedText(findTestObject("General/obj", ["obj":"input", "attr":"@name", "val":"passwd"]), encriptPassword): Text ****** has been set on object 'Object Repository/General/obj'

2025-05-20 10:47:31 - [MESSAGE][PASSED] - Text ****** has been set on object 'Object Repository/General/obj'

2025-05-20 10:47:31 - [TEST_STEP][PASSED] - delay(1, STOP_ON_FAILURE): Delayed 1 second(s)

2025-05-20 10:47:32 - [MESSAGE][PASSED] - Delayed 1 second(s)

2025-05-20 10:47:32 - [TEST_STEP][PASSED] - click(findTestObject("General/obj", ["obj":"input", "attr":"@id", "val":"idSIButton9"])): Object: 'Object Repository/General/obj' is clicked on

2025-05-20 10:47:32 - [MESSAGE][PASSED] - Object: 'Object Repository/General/obj' is clicked on

2025-05-20 10:47:32 - [TEST_STEP][PASSED] - if (verifyElementPresent(findTestObject("General/obj", ["obj":"div", "attr":"@id", "val":"idDiv_SAOTCAS_Description"]), 5, OPTIONAL)): com.kms.katalon.core.webui.exception.WebElementNotFoundException: Web element with id: 'Object Repository/General/obj' located by '//div[@id='idDiv_SAOTCAS_Description']' not found (Root cause: com.kms.katalon.core.exception.StepFailedException: com.kms.katalon.core.webui.exception.WebElementNotFoundException: Web element with id: 'Object Repository/General/obj' located by '//div[@id='idDiv_SAOTCAS_Description']' not found
	at com.kms.katalon.core.webui.keyword.internal.WebUIKeywordMain.stepFailed(WebUIKeywordMain.groovy:64)
	at com.kms.katalon.core.webui.keyword.builtin.VerifyElementPresentKeyword$_verifyElementPresent_closure1.doCall(VerifyElementPresentKeyword.groovy:85)
	at com.kms.katalon.core.webui.keyword.builtin.VerifyElementPresentKeyword$_verifyElementPresent_closure1.call(VerifyElementPresentKeyword.groovy)
	at com.kms.katalon.core.webui.keyword.internal.WebUIKeywordMain.runKeyword(WebUIKeywordMain.groovy:20)
	at com.kms.katalon.core.webui.keyword.builtin.VerifyElementPresentKeyword.verifyElementPresent(VerifyElementPresentKeyword.groovy:92)
	at com.kms.katalon.core.webui.keyword.builtin.VerifyElementPresentKeyword.execute(VerifyElementPresentKeyword.groovy:68)
	at com.kms.katalon.core.keyword.internal.KeywordExecutor.executeKeywordForPlatform(KeywordExecutor.groovy:74)
	at com.kms.katalon.core.webui.keyword.WebUiBuiltInKeywords.verifyElementPresent(WebUiBuiltInKeywords.groovy:1448)
	at com.kms.katalon.core.webui.keyword.WebUiBuiltInKeywords$verifyElementPresent$5.call(Unknown Source)
	at Login.run(Login:42)
	at com.kms.katalon.core.main.ScriptEngine.run(ScriptEngine.java:194)
	at com.kms.katalon.core.main.ScriptEngine.runScriptAsRawText(ScriptEngine.java:119)
	at com.kms.katalon.core.main.TestCaseExecutor.runScript(TestCaseExecutor.java:448)
	at com.kms.katalon.core.main.TestCaseExecutor.doExecute(TestCaseExecutor.java:439)
	at com.kms.katalon.core.main.TestCaseExecutor.processExecutionPhase(TestCaseExecutor.java:418)
	at com.kms.katalon.core.main.TestCaseExecutor.accessMainPhase(TestCaseExecutor.java:410)
	at com.kms.katalon.core.main.TestCaseExecutor.execute(TestCaseExecutor.java:285)
	at com.kms.katalon.core.common.CommonExecutor.accessTestCaseMainPhase(CommonExecutor.java:65)
	at com.kms.katalon.core.main.TestSuiteExecutor.accessTestSuiteMainPhase(TestSuiteExecutor.java:148)
	at com.kms.katalon.core.main.TestSuiteExecutor.execute(TestSuiteExecutor.java:106)
	at com.kms.katalon.core.main.TestCaseMain.startTestSuite(TestCaseMain.java:187)
	at com.kms.katalon.core.main.TestCaseMain$startTestSuite$0.call(Unknown Source)
	at TempTestSuite1747712793815.run(TempTestSuite1747712793815.groovy:35)
)

2025-05-20 10:47:39 - [MESSAGE][INFO] - Unable to find the element located by 'By.xpath: //div[@id='idDiv_SAOTCAS_Description']'. Please recheck the objects properties to make sure the desired element is located. 

2025-05-20 10:47:39 - [MESSAGE][WARNING] - com.kms.katalon.core.webui.exception.WebElementNotFoundException: Web element with id: 'Object Repository/General/obj' located by '//div[@id='idDiv_SAOTCAS_Description']' not found (Root cause: com.kms.katalon.core.exception.StepFailedException: com.kms.katalon.core.webui.exception.WebElementNotFoundException: Web element with id: 'Object Repository/General/obj' located by '//div[@id='idDiv_SAOTCAS_Description']' not found
	at com.kms.katalon.core.webui.keyword.internal.WebUIKeywordMain.stepFailed(WebUIKeywordMain.groovy:64)
	at com.kms.katalon.core.webui.keyword.builtin.VerifyElementPresentKeyword$_verifyElementPresent_closure1.doCall(VerifyElementPresentKeyword.groovy:85)
	at com.kms.katalon.core.webui.keyword.builtin.VerifyElementPresentKeyword$_verifyElementPresent_closure1.call(VerifyElementPresentKeyword.groovy)
	at com.kms.katalon.core.webui.keyword.internal.WebUIKeywordMain.runKeyword(WebUIKeywordMain.groovy:20)
	at com.kms.katalon.core.webui.keyword.builtin.VerifyElementPresentKeyword.verifyElementPresent(VerifyElementPresentKeyword.groovy:92)
	at com.kms.katalon.core.webui.keyword.builtin.VerifyElementPresentKeyword.execute(VerifyElementPresentKeyword.groovy:68)
	at com.kms.katalon.core.keyword.internal.KeywordExecutor.executeKeywordForPlatform(KeywordExecutor.groovy:74)
	at com.kms.katalon.core.webui.keyword.WebUiBuiltInKeywords.verifyElementPresent(WebUiBuiltInKeywords.groovy:1448)
	at com.kms.katalon.core.webui.keyword.WebUiBuiltInKeywords$verifyElementPresent$5.call(Unknown Source)
	at Login.run(Login:42)
	at com.kms.katalon.core.main.ScriptEngine.run(ScriptEngine.java:194)
	at com.kms.katalon.core.main.ScriptEngine.runScriptAsRawText(ScriptEngine.java:119)
	at com.kms.katalon.core.main.TestCaseExecutor.runScript(TestCaseExecutor.java:448)
	at com.kms.katalon.core.main.TestCaseExecutor.doExecute(TestCaseExecutor.java:439)
	at com.kms.katalon.core.main.TestCaseExecutor.processExecutionPhase(TestCaseExecutor.java:418)
	at com.kms.katalon.core.main.TestCaseExecutor.accessMainPhase(TestCaseExecutor.java:410)
	at com.kms.katalon.core.main.TestCaseExecutor.execute(TestCaseExecutor.java:285)
	at com.kms.katalon.core.common.CommonExecutor.accessTestCaseMainPhase(CommonExecutor.java:65)
	at com.kms.katalon.core.main.TestSuiteExecutor.accessTestSuiteMainPhase(TestSuiteExecutor.java:148)
	at com.kms.katalon.core.main.TestSuiteExecutor.execute(TestSuiteExecutor.java:106)
	at com.kms.katalon.core.main.TestCaseMain.startTestSuite(TestCaseMain.java:187)
	at com.kms.katalon.core.main.TestCaseMain$startTestSuite$0.call(Unknown Source)
	at TempTestSuite1747712793815.run(TempTestSuite1747712793815.groovy:35)
)
[[ATTACHMENT|D:\\Work\\Automation\\comet_automate\\Reports\\20250520_104633\\TS04 Approve Replacement USIM XLC Online\\20250520_104633\\1747712859010.png]]

2025-05-20 10:47:39 - [TEST_STEP][PASSED] - if (verifyElementPresent(findTestObject("General/obj", ["obj":"input", "attr":"@name", "val":"otc"]), 5, OPTIONAL)): com.kms.katalon.core.webui.exception.WebElementNotFoundException: Web element with id: 'Object Repository/General/obj' located by '//input[@name='otc']' not found (Root cause: com.kms.katalon.core.exception.StepFailedException: com.kms.katalon.core.webui.exception.WebElementNotFoundException: Web element with id: 'Object Repository/General/obj' located by '//input[@name='otc']' not found
	at com.kms.katalon.core.webui.keyword.internal.WebUIKeywordMain.stepFailed(WebUIKeywordMain.groovy:64)
	at com.kms.katalon.core.webui.keyword.builtin.VerifyElementPresentKeyword$_verifyElementPresent_closure1.doCall(VerifyElementPresentKeyword.groovy:85)
	at com.kms.katalon.core.webui.keyword.builtin.VerifyElementPresentKeyword$_verifyElementPresent_closure1.call(VerifyElementPresentKeyword.groovy)
	at com.kms.katalon.core.webui.keyword.internal.WebUIKeywordMain.runKeyword(WebUIKeywordMain.groovy:20)
	at com.kms.katalon.core.webui.keyword.builtin.VerifyElementPresentKeyword.verifyElementPresent(VerifyElementPresentKeyword.groovy:92)
	at com.kms.katalon.core.webui.keyword.builtin.VerifyElementPresentKeyword.execute(VerifyElementPresentKeyword.groovy:68)
	at com.kms.katalon.core.keyword.internal.KeywordExecutor.executeKeywordForPlatform(KeywordExecutor.groovy:74)
	at com.kms.katalon.core.webui.keyword.WebUiBuiltInKeywords.verifyElementPresent(WebUiBuiltInKeywords.groovy:1448)
	at com.kms.katalon.core.webui.keyword.WebUiBuiltInKeywords$verifyElementPresent$5.call(Unknown Source)
	at Login.run(Login:47)
	at com.kms.katalon.core.main.ScriptEngine.run(ScriptEngine.java:194)
	at com.kms.katalon.core.main.ScriptEngine.runScriptAsRawText(ScriptEngine.java:119)
	at com.kms.katalon.core.main.TestCaseExecutor.runScript(TestCaseExecutor.java:448)
	at com.kms.katalon.core.main.TestCaseExecutor.doExecute(TestCaseExecutor.java:439)
	at com.kms.katalon.core.main.TestCaseExecutor.processExecutionPhase(TestCaseExecutor.java:418)
	at com.kms.katalon.core.main.TestCaseExecutor.accessMainPhase(TestCaseExecutor.java:410)
	at com.kms.katalon.core.main.TestCaseExecutor.execute(TestCaseExecutor.java:285)
	at com.kms.katalon.core.common.CommonExecutor.accessTestCaseMainPhase(CommonExecutor.java:65)
	at com.kms.katalon.core.main.TestSuiteExecutor.accessTestSuiteMainPhase(TestSuiteExecutor.java:148)
	at com.kms.katalon.core.main.TestSuiteExecutor.execute(TestSuiteExecutor.java:106)
	at com.kms.katalon.core.main.TestCaseMain.startTestSuite(TestCaseMain.java:187)
	at com.kms.katalon.core.main.TestCaseMain$startTestSuite$0.call(Unknown Source)
	at TempTestSuite1747712793815.run(TempTestSuite1747712793815.groovy:35)
)

2025-05-20 10:47:45 - [MESSAGE][INFO] - Unable to find the element located by 'By.xpath: //input[@name='otc']'. Please recheck the objects properties to make sure the desired element is located. 

2025-05-20 10:47:46 - [MESSAGE][WARNING] - com.kms.katalon.core.webui.exception.WebElementNotFoundException: Web element with id: 'Object Repository/General/obj' located by '//input[@name='otc']' not found (Root cause: com.kms.katalon.core.exception.StepFailedException: com.kms.katalon.core.webui.exception.WebElementNotFoundException: Web element with id: 'Object Repository/General/obj' located by '//input[@name='otc']' not found
	at com.kms.katalon.core.webui.keyword.internal.WebUIKeywordMain.stepFailed(WebUIKeywordMain.groovy:64)
	at com.kms.katalon.core.webui.keyword.builtin.VerifyElementPresentKeyword$_verifyElementPresent_closure1.doCall(VerifyElementPresentKeyword.groovy:85)
	at com.kms.katalon.core.webui.keyword.builtin.VerifyElementPresentKeyword$_verifyElementPresent_closure1.call(VerifyElementPresentKeyword.groovy)
	at com.kms.katalon.core.webui.keyword.internal.WebUIKeywordMain.runKeyword(WebUIKeywordMain.groovy:20)
	at com.kms.katalon.core.webui.keyword.builtin.VerifyElementPresentKeyword.verifyElementPresent(VerifyElementPresentKeyword.groovy:92)
	at com.kms.katalon.core.webui.keyword.builtin.VerifyElementPresentKeyword.execute(VerifyElementPresentKeyword.groovy:68)
	at com.kms.katalon.core.keyword.internal.KeywordExecutor.executeKeywordForPlatform(KeywordExecutor.groovy:74)
	at com.kms.katalon.core.webui.keyword.WebUiBuiltInKeywords.verifyElementPresent(WebUiBuiltInKeywords.groovy:1448)
	at com.kms.katalon.core.webui.keyword.WebUiBuiltInKeywords$verifyElementPresent$5.call(Unknown Source)
	at Login.run(Login:47)
	at com.kms.katalon.core.main.ScriptEngine.run(ScriptEngine.java:194)
	at com.kms.katalon.core.main.ScriptEngine.runScriptAsRawText(ScriptEngine.java:119)
	at com.kms.katalon.core.main.TestCaseExecutor.runScript(TestCaseExecutor.java:448)
	at com.kms.katalon.core.main.TestCaseExecutor.doExecute(TestCaseExecutor.java:439)
	at com.kms.katalon.core.main.TestCaseExecutor.processExecutionPhase(TestCaseExecutor.java:418)
	at com.kms.katalon.core.main.TestCaseExecutor.accessMainPhase(TestCaseExecutor.java:410)
	at com.kms.katalon.core.main.TestCaseExecutor.execute(TestCaseExecutor.java:285)
	at com.kms.katalon.core.common.CommonExecutor.accessTestCaseMainPhase(CommonExecutor.java:65)
	at com.kms.katalon.core.main.TestSuiteExecutor.accessTestSuiteMainPhase(TestSuiteExecutor.java:148)
	at com.kms.katalon.core.main.TestSuiteExecutor.execute(TestSuiteExecutor.java:106)
	at com.kms.katalon.core.main.TestCaseMain.startTestSuite(TestCaseMain.java:187)
	at com.kms.katalon.core.main.TestCaseMain$startTestSuite$0.call(Unknown Source)
	at TempTestSuite1747712793815.run(TempTestSuite1747712793815.groovy:35)
)
[[ATTACHMENT|D:\\Work\\Automation\\comet_automate\\Reports\\20250520_104633\\TS04 Approve Replacement USIM XLC Online\\20250520_104633\\1747712865864.png]]

2025-05-20 10:47:46 - [TEST_STEP][PASSED] - waitForElementClickable(findTestObject("General/obj", ["obj":"input", "attr":"@id", "val":"idSIButton9"]), 5): Object 'Object Repository/General/obj' is clickable

2025-05-20 10:47:46 - [MESSAGE][PASSED] - Object 'Object Repository/General/obj' is clickable

2025-05-20 10:47:46 - [TEST_STEP][PASSED] - click(findTestObject("General/obj", ["obj":"input", "attr":"@id", "val":"idSIButton9"])): Object: 'Object Repository/General/obj' is clicked on

2025-05-20 10:47:47 - [MESSAGE][PASSED] - Object: 'Object Repository/General/obj' is clicked on]]></system-out>
         <system-err><![CDATA[]]></system-err>
      </testcase>
      <testcase name="Test Cases/Main TC/XLC Approval/XLCO001 Filter based on TicketID" time="30.273" classname="Test Cases/Main TC/XLC Approval/XLCO001 Filter based on TicketID" status="PASSED">
         <system-out><![CDATA[2025-05-20 10:47:47 - [TEST_CASE][PASSED] - Test Cases/Main TC/XLC Approval/XLCO001 Filter based on TicketID: Test Cases/Main TC/XLC Approval/XLCO001 Filter based on TicketID

2025-05-20 10:47:47 - [TEST_STEP][PASSED] - click(findTestObject("Spesific/MenuMain", ["mainMenu":"Customer Support"])): Object: 'Object Repository/Spesific/MenuMain' is clicked on

2025-05-20 10:48:13 - [MESSAGE][PASSED] - Object: 'Object Repository/Spesific/MenuMain' is clicked on

2025-05-20 10:48:13 - [TEST_STEP][PASSED] - click(findTestObject("Spesific/MenuSub", ["subMenu":"XL Center Approval"])): Object: 'Object Repository/Spesific/MenuSub' is clicked on

2025-05-20 10:48:13 - [MESSAGE][PASSED] - Object: 'Object Repository/Spesific/MenuSub' is clicked on

2025-05-20 10:48:13 - [TEST_STEP][PASSED] - setText(findTestObject("General/obj", ["obj":"input", "attr":"@formcontrolname", "val":"ticketId"]), ApplicationID): Text '2627386' is set on object 'Object Repository/General/obj'

2025-05-20 10:48:14 - [MESSAGE][PASSED] - Text '2627386' is set on object 'Object Repository/General/obj'

2025-05-20 10:48:14 - [TEST_STEP][PASSED] - callTestCase(findTestCase("Library/LIB003 Select from Dropdown"), ["selectionName":"serviceType", "selectedOption":serviceType], STOP_ON_FAILURE): Call Test Case 'Test Cases/Library/LIB003 Select from Dropdown' successfully

2025-05-20 10:48:14 - [TEST_CASE][PASSED] - Test Cases/Library/LIB003 Select from Dropdown: Test Cases/Library/LIB003 Select from Dropdown

2025-05-20 10:48:15 - [TEST_STEP][PASSED] - click(findTestObject("General/obj", ["obj":"p-dropdown", "attr":"@formcontrolname", "val":selectionName])): Object: 'Object Repository/General/obj' is clicked on

2025-05-20 10:48:15 - [MESSAGE][PASSED] - Object: 'Object Repository/General/obj' is clicked on

2025-05-20 10:48:15 - [TEST_STEP][PASSED] - if (selectedOption == null || selectedOption == ""): null

2025-05-20 10:48:15 - [TEST_STEP][PASSED] - else: Object: 'Object Repository/General/obj' is clicked on

2025-05-20 10:48:15 - [TEST_STEP][PASSED] - click(findTestObject("General/obj", ["obj":"li", "attr":"@aria-label", "val":selectedOption])): Object: 'Object Repository/General/obj' is clicked on

2025-05-20 10:48:16 - [MESSAGE][PASSED] - Object: 'Object Repository/General/obj' is clicked on

2025-05-20 10:48:16 - [MESSAGE][PASSED] - Call Test Case 'Test Cases/Library/LIB003 Select from Dropdown' successfully

2025-05-20 10:48:16 - [TEST_STEP][PASSED] - callTestCase(findTestCase("Library/LIB003 Select from Dropdown"), ["selectionName":"channel", "selectedOption":channel], STOP_ON_FAILURE): Call Test Case 'Test Cases/Library/LIB003 Select from Dropdown' successfully

2025-05-20 10:48:16 - [TEST_CASE][PASSED] - Test Cases/Library/LIB003 Select from Dropdown: Test Cases/Library/LIB003 Select from Dropdown

2025-05-20 10:48:16 - [TEST_STEP][PASSED] - click(findTestObject("General/obj", ["obj":"p-dropdown", "attr":"@formcontrolname", "val":selectionName])): Object: 'Object Repository/General/obj' is clicked on

2025-05-20 10:48:16 - [MESSAGE][PASSED] - Object: 'Object Repository/General/obj' is clicked on

2025-05-20 10:48:16 - [TEST_STEP][PASSED] - if (selectedOption == null || selectedOption == ""): null

2025-05-20 10:48:16 - [TEST_STEP][PASSED] - else: Object: 'Object Repository/General/obj' is clicked on

2025-05-20 10:48:16 - [TEST_STEP][PASSED] - click(findTestObject("General/obj", ["obj":"li", "attr":"@aria-label", "val":selectedOption])): Object: 'Object Repository/General/obj' is clicked on

2025-05-20 10:48:16 - [MESSAGE][PASSED] - Object: 'Object Repository/General/obj' is clicked on

2025-05-20 10:48:16 - [MESSAGE][PASSED] - Call Test Case 'Test Cases/Library/LIB003 Select from Dropdown' successfully

2025-05-20 10:48:16 - [TEST_STEP][PASSED] - click(findTestObject("General/obj contains", ["obj":"button", "attr":"text()", "val":"Search"])): Object: 'Object Repository/General/obj contains' is clicked on

2025-05-20 10:48:17 - [MESSAGE][PASSED] - Object: 'Object Repository/General/obj contains' is clicked on

2025-05-20 10:48:17 - [TEST_STEP][PASSED] - takeScreenshot(): Taking screenshot successfully

2025-05-20 10:48:17 - [MESSAGE][PASSED] - Taking screenshot successfully
[[ATTACHMENT|D:\\Work\\Automation\\comet_automate\\Reports\\20250520_104633\\TS04 Approve Replacement USIM XLC Online\\20250520_104633\\1747712897300.png]]]]></system-out>
         <system-err><![CDATA[]]></system-err>
      </testcase>
      <testcase name="Test Cases/Main TC/XLC Approval/XLCO002b Update and verification Data Replacement" time="47.164" classname="Test Cases/Main TC/XLC Approval/XLCO002b Update and verification Data Replacement" status="PASSED">
         <system-out><![CDATA[2025-05-20 10:48:17 - [TEST_CASE][PASSED] - Test Cases/Main TC/XLC Approval/XLCO002b Update and verification Data Replacement: Test Cases/Main TC/XLC Approval/XLCO002b Update and verification Data Replacement

2025-05-20 10:48:18 - [TEST_STEP][PASSED] - delay(2): Delayed 2 second(s)

2025-05-20 10:48:20 - [MESSAGE][PASSED] - Delayed 2 second(s)

2025-05-20 10:48:20 - [TEST_STEP][PASSED] - scrollToElement(findTestObject("General/obj contains", ["obj":"img", "attr":"@src", "val":"eye"]), 5): Scroll to object 'Object Repository/General/obj contains' successfully

2025-05-20 10:48:21 - [MESSAGE][PASSED] - Scroll to object 'Object Repository/General/obj contains' successfully

2025-05-20 10:48:21 - [TEST_STEP][PASSED] - click(findTestObject("General/obj contains", ["obj":"img", "attr":"@src", "val":"eye"])): Object: 'Object Repository/General/obj contains' is clicked on

2025-05-20 10:48:22 - [MESSAGE][PASSED] - Object: 'Object Repository/General/obj contains' is clicked on

2025-05-20 10:48:22 - [TEST_STEP][PASSED] - takeFullPageScreenshot(): Taking screenshot successfully

2025-05-20 10:48:23 - [MESSAGE][INFO] - 0 hidden object(s)

2025-05-20 10:48:23 - [MESSAGE][PASSED] - Taking screenshot successfully
[[ATTACHMENT|D:\\Work\\Automation\\comet_automate\\Reports\\20250520_104633\\TS04 Approve Replacement USIM XLC Online\\20250520_104633\\1747712902136.png]]

2025-05-20 10:48:23 - [TEST_STEP][PASSED] - click(findTestObject("General/obj contains", ["obj":"button", "attr":"text()", "val":"Update Data"])): Object: 'Object Repository/General/obj contains' is clicked on

2025-05-20 10:48:23 - [MESSAGE][PASSED] - Object: 'Object Repository/General/obj contains' is clicked on

2025-05-20 10:48:23 - [TEST_STEP][PASSED] - setText(findTestObject("General/obj", ["obj":"input", "attr":"@formcontrolname", "val":"newICCID"]), newICCID): Text '8962119999010477754' is set on object 'Object Repository/General/obj'

2025-05-20 10:48:24 - [MESSAGE][PASSED] - Text '8962119999010477754' is set on object 'Object Repository/General/obj'

2025-05-20 10:48:24 - [TEST_STEP][PASSED] - tipeLayanan = getText(findTestObject("Spesific/3. XLC Approval/textfield tipeLayanan")): Text of object 'Object Repository/Spesific/3. XLC Approval/textfield tipeLayanan' is: 'Replacement'

2025-05-20 10:48:24 - [MESSAGE][PASSED] - Text of object 'Object Repository/Spesific/3. XLC Approval/textfield tipeLayanan' is: 'Replacement'

2025-05-20 10:48:24 - [TEST_STEP][PASSED] - reasonReplace = <not implemented yet for class: org.codehaus.groovy.ast.expr.EmptyExpression>: null

2025-05-20 10:48:24 - [TEST_STEP][PASSED] - if (tipeLayanan == " Replacement "): null

2025-05-20 10:48:24 - [TEST_STEP][PASSED] - if (tipeLayanan == " Replacement " && reasonReplace != " Hilang " || tipeLayanan == " Upgrade Sim Card "): null

2025-05-20 10:48:24 - [TEST_STEP][PASSED] - callTestCase(findTestCase("Library/LIB003 Select from Dropdown"), ["selectionName":"nikCheckStatus", "selectedOption":nikCheckStatus], STOP_ON_FAILURE): Call Test Case 'Test Cases/Library/LIB003 Select from Dropdown' successfully

2025-05-20 10:48:24 - [TEST_CASE][PASSED] - Test Cases/Library/LIB003 Select from Dropdown: Test Cases/Library/LIB003 Select from Dropdown

2025-05-20 10:48:24 - [TEST_STEP][PASSED] - click(findTestObject("General/obj", ["obj":"p-dropdown", "attr":"@formcontrolname", "val":selectionName])): Object: 'Object Repository/General/obj' is clicked on

2025-05-20 10:48:25 - [MESSAGE][PASSED] - Object: 'Object Repository/General/obj' is clicked on

2025-05-20 10:48:25 - [TEST_STEP][PASSED] - if (selectedOption == null || selectedOption == ""): null

2025-05-20 10:48:25 - [TEST_STEP][PASSED] - else: Object: 'Object Repository/General/obj' is clicked on

2025-05-20 10:48:25 - [TEST_STEP][PASSED] - click(findTestObject("General/obj", ["obj":"li", "attr":"@aria-label", "val":selectedOption])): Object: 'Object Repository/General/obj' is clicked on

2025-05-20 10:48:25 - [MESSAGE][PASSED] - Object: 'Object Repository/General/obj' is clicked on

2025-05-20 10:48:25 - [MESSAGE][PASSED] - Call Test Case 'Test Cases/Library/LIB003 Select from Dropdown' successfully

2025-05-20 10:48:25 - [TEST_STEP][PASSED] - callTestCase(findTestCase("Library/LIB003 Select from Dropdown"), ["selectionName":"nameCheckStatus", "selectedOption":nameCheckStatus], STOP_ON_FAILURE): Call Test Case 'Test Cases/Library/LIB003 Select from Dropdown' successfully

2025-05-20 10:48:25 - [TEST_CASE][PASSED] - Test Cases/Library/LIB003 Select from Dropdown: Test Cases/Library/LIB003 Select from Dropdown

2025-05-20 10:48:25 - [TEST_STEP][PASSED] - click(findTestObject("General/obj", ["obj":"p-dropdown", "attr":"@formcontrolname", "val":selectionName])): Object: 'Object Repository/General/obj' is clicked on

2025-05-20 10:48:26 - [MESSAGE][PASSED] - Object: 'Object Repository/General/obj' is clicked on

2025-05-20 10:48:26 - [TEST_STEP][PASSED] - if (selectedOption == null || selectedOption == ""): null

2025-05-20 10:48:26 - [TEST_STEP][PASSED] - else: Object: 'Object Repository/General/obj' is clicked on

2025-05-20 10:48:26 - [TEST_STEP][PASSED] - click(findTestObject("General/obj", ["obj":"li", "attr":"@aria-label", "val":selectedOption])): Object: 'Object Repository/General/obj' is clicked on

2025-05-20 10:48:26 - [MESSAGE][PASSED] - Object: 'Object Repository/General/obj' is clicked on

2025-05-20 10:48:26 - [MESSAGE][PASSED] - Call Test Case 'Test Cases/Library/LIB003 Select from Dropdown' successfully

2025-05-20 10:48:26 - [TEST_STEP][PASSED] - callTestCase(findTestCase("Library/LIB003 Select from Dropdown"), ["selectionName":"cardImageCheckStatus", "selectedOption":ValidationImage], STOP_ON_FAILURE): Call Test Case 'Test Cases/Library/LIB003 Select from Dropdown' successfully

2025-05-20 10:48:26 - [TEST_CASE][PASSED] - Test Cases/Library/LIB003 Select from Dropdown: Test Cases/Library/LIB003 Select from Dropdown

2025-05-20 10:48:26 - [TEST_STEP][PASSED] - click(findTestObject("General/obj", ["obj":"p-dropdown", "attr":"@formcontrolname", "val":selectionName])): Object: 'Object Repository/General/obj' is clicked on

2025-05-20 10:48:26 - [MESSAGE][PASSED] - Object: 'Object Repository/General/obj' is clicked on

2025-05-20 10:48:26 - [TEST_STEP][PASSED] - if (selectedOption == null || selectedOption == ""): null

2025-05-20 10:48:26 - [TEST_STEP][PASSED] - else: Object: 'Object Repository/General/obj' is clicked on

2025-05-20 10:48:26 - [TEST_STEP][PASSED] - click(findTestObject("General/obj", ["obj":"li", "attr":"@aria-label", "val":selectedOption])): Object: 'Object Repository/General/obj' is clicked on

2025-05-20 10:48:27 - [MESSAGE][PASSED] - Object: 'Object Repository/General/obj' is clicked on

2025-05-20 10:48:27 - [MESSAGE][PASSED] - Call Test Case 'Test Cases/Library/LIB003 Select from Dropdown' successfully

2025-05-20 10:48:27 - [TEST_STEP][PASSED] - callTestCase(findTestCase("Library/LIB003 Select from Dropdown"), ["selectionName":"selfieImageCheckStatus", "selectedOption":ValidationImage], STOP_ON_FAILURE): Call Test Case 'Test Cases/Library/LIB003 Select from Dropdown' successfully

2025-05-20 10:48:27 - [TEST_CASE][PASSED] - Test Cases/Library/LIB003 Select from Dropdown: Test Cases/Library/LIB003 Select from Dropdown

2025-05-20 10:48:27 - [TEST_STEP][PASSED] - click(findTestObject("General/obj", ["obj":"p-dropdown", "attr":"@formcontrolname", "val":selectionName])): Object: 'Object Repository/General/obj' is clicked on

2025-05-20 10:48:27 - [MESSAGE][PASSED] - Object: 'Object Repository/General/obj' is clicked on

2025-05-20 10:48:27 - [TEST_STEP][PASSED] - if (selectedOption == null || selectedOption == ""): null

2025-05-20 10:48:27 - [TEST_STEP][PASSED] - else: Object: 'Object Repository/General/obj' is clicked on

2025-05-20 10:48:27 - [TEST_STEP][PASSED] - click(findTestObject("General/obj", ["obj":"li", "attr":"@aria-label", "val":selectedOption])): Object: 'Object Repository/General/obj' is clicked on

2025-05-20 10:48:28 - [MESSAGE][PASSED] - Object: 'Object Repository/General/obj' is clicked on

2025-05-20 10:48:28 - [MESSAGE][PASSED] - Call Test Case 'Test Cases/Library/LIB003 Select from Dropdown' successfully

2025-05-20 10:48:28 - [TEST_STEP][PASSED] - callTestCase(findTestCase("Library/LIB003 Select from Dropdown"), ["selectionName":"signatureCheckStatus", "selectedOption":ValidationImage], STOP_ON_FAILURE): Call Test Case 'Test Cases/Library/LIB003 Select from Dropdown' successfully

2025-05-20 10:48:28 - [TEST_CASE][PASSED] - Test Cases/Library/LIB003 Select from Dropdown: Test Cases/Library/LIB003 Select from Dropdown

2025-05-20 10:48:28 - [TEST_STEP][PASSED] - click(findTestObject("General/obj", ["obj":"p-dropdown", "attr":"@formcontrolname", "val":selectionName])): Object: 'Object Repository/General/obj' is clicked on

2025-05-20 10:48:28 - [MESSAGE][PASSED] - Object: 'Object Repository/General/obj' is clicked on

2025-05-20 10:48:28 - [TEST_STEP][PASSED] - if (selectedOption == null || selectedOption == ""): null

2025-05-20 10:48:28 - [TEST_STEP][PASSED] - else: Object: 'Object Repository/General/obj' is clicked on

2025-05-20 10:48:28 - [TEST_STEP][PASSED] - click(findTestObject("General/obj", ["obj":"li", "attr":"@aria-label", "val":selectedOption])): Object: 'Object Repository/General/obj' is clicked on

2025-05-20 10:48:29 - [MESSAGE][PASSED] - Object: 'Object Repository/General/obj' is clicked on

2025-05-20 10:48:29 - [MESSAGE][PASSED] - Call Test Case 'Test Cases/Library/LIB003 Select from Dropdown' successfully

2025-05-20 10:48:29 - [TEST_STEP][PASSED] - click(findTestObject("General/obj contains", ["obj":"button", "attr":"text()", "val":"Capture"])): Object: 'Object Repository/General/obj contains' is clicked on

2025-05-20 10:48:29 - [MESSAGE][PASSED] - Object: 'Object Repository/General/obj contains' is clicked on

2025-05-20 10:48:29 - [TEST_STEP][PASSED] - additionalKeyword.allowBrowserPermission(): additionalKeyword.allowBrowserPermission is PASSED

2025-05-20 10:48:37 - [MESSAGE][PASSED] - additionalKeyword.allowBrowserPermission is PASSED

2025-05-20 10:48:37 - [TEST_STEP][PASSED] - click(findTestObject("Spesific/btn Capturephoto")): Object: 'Object Repository/Spesific/btn Capturephoto' is clicked on

2025-05-20 10:48:38 - [MESSAGE][PASSED] - Object: 'Object Repository/Spesific/btn Capturephoto' is clicked on

2025-05-20 10:48:38 - [TEST_STEP][PASSED] - click(findTestObject("General/obj contains", ["obj":"button", "attr":"text()", "val":"Save and Exit"])): Object: 'Object Repository/General/obj contains' is clicked on

2025-05-20 10:48:38 - [MESSAGE][PASSED] - Object: 'Object Repository/General/obj contains' is clicked on

2025-05-20 10:48:38 - [TEST_STEP][PASSED] - callTestCase(findTestCase("Library/LIB003 Select from Dropdown"), ["selectionName":"videoCallStatus", "selectedOption":videoCallStatus], STOP_ON_FAILURE): Call Test Case 'Test Cases/Library/LIB003 Select from Dropdown' successfully

2025-05-20 10:48:38 - [TEST_CASE][PASSED] - Test Cases/Library/LIB003 Select from Dropdown: Test Cases/Library/LIB003 Select from Dropdown

2025-05-20 10:48:38 - [TEST_STEP][PASSED] - click(findTestObject("General/obj", ["obj":"p-dropdown", "attr":"@formcontrolname", "val":selectionName])): Object: 'Object Repository/General/obj' is clicked on

2025-05-20 10:48:39 - [MESSAGE][PASSED] - Object: 'Object Repository/General/obj' is clicked on

2025-05-20 10:48:39 - [TEST_STEP][PASSED] - if (selectedOption == null || selectedOption == ""): null

2025-05-20 10:48:39 - [TEST_STEP][PASSED] - else: Object: 'Object Repository/General/obj' is clicked on

2025-05-20 10:48:39 - [TEST_STEP][PASSED] - click(findTestObject("General/obj", ["obj":"li", "attr":"@aria-label", "val":selectedOption])): Object: 'Object Repository/General/obj' is clicked on

2025-05-20 10:48:40 - [MESSAGE][PASSED] - Object: 'Object Repository/General/obj' is clicked on

2025-05-20 10:48:40 - [MESSAGE][PASSED] - Call Test Case 'Test Cases/Library/LIB003 Select from Dropdown' successfully

2025-05-20 10:48:40 - [TEST_STEP][PASSED] - setText(findTestObject("General/obj", ["obj":"textarea", "attr":"@formcontrolname", "val":"note"]), "testing"): Text 'testing' is set on object 'Object Repository/General/obj'

2025-05-20 10:48:40 - [MESSAGE][PASSED] - Text 'testing' is set on object 'Object Repository/General/obj'

2025-05-20 10:48:40 - [TEST_STEP][PASSED] - takeFullPageScreenshot(): Taking screenshot successfully

2025-05-20 10:48:42 - [MESSAGE][INFO] - 0 hidden object(s)

2025-05-20 10:48:43 - [MESSAGE][PASSED] - Taking screenshot successfully
[[ATTACHMENT|D:\\Work\\Automation\\comet_automate\\Reports\\20250520_104633\\TS04 Approve Replacement USIM XLC Online\\20250520_104633\\1747712920732.png]]

2025-05-20 10:48:43 - [TEST_STEP][PASSED] - click(findTestObject("General/obj contains", ["obj":"button", "attr":"text()", "val":"Save"])): Object: 'Object Repository/General/obj contains' is clicked on

2025-05-20 10:48:43 - [MESSAGE][PASSED] - Object: 'Object Repository/General/obj contains' is clicked on

2025-05-20 10:48:43 - [TEST_STEP][PASSED] - takeFullPageScreenshot(): Taking screenshot successfully

2025-05-20 10:48:44 - [MESSAGE][INFO] - 0 hidden object(s)

2025-05-20 10:48:45 - [MESSAGE][PASSED] - Taking screenshot successfully
[[ATTACHMENT|D:\\Work\\Automation\\comet_automate\\Reports\\20250520_104633\\TS04 Approve Replacement USIM XLC Online\\20250520_104633\\1747712923388.png]]

2025-05-20 10:48:45 - [TEST_STEP][PASSED] - click(findTestObject("General/obj contains", ["obj":"button", "attr":"text()", "val":"Back"])): Object: 'Object Repository/General/obj contains' is clicked on

2025-05-20 10:49:04 - [MESSAGE][PASSED] - Object: 'Object Repository/General/obj contains' is clicked on

2025-05-20 10:49:04 - [TEST_STEP][PASSED] - takeScreenshot(): Taking screenshot successfully

2025-05-20 10:49:04 - [MESSAGE][PASSED] - Taking screenshot successfully
[[ATTACHMENT|D:\\Work\\Automation\\comet_automate\\Reports\\20250520_104633\\TS04 Approve Replacement USIM XLC Online\\20250520_104633\\1747712944493.png]]]]></system-out>
         <system-err><![CDATA[]]></system-err>
      </testcase>
      <testcase name="Test Cases/Main TC/XLC Approval/XLCO003a Approve transaction" time="17.193" classname="Test Cases/Main TC/XLC Approval/XLCO003a Approve transaction" status="PASSED">
         <system-out><![CDATA[2025-05-20 10:49:04 - [TEST_CASE][PASSED] - Test Cases/Main TC/XLC Approval/XLCO003a Approve transaction: Test Cases/Main TC/XLC Approval/XLCO003a Approve transaction

2025-05-20 10:49:05 - [TEST_STEP][PASSED] - callTestCase(findTestCase("Main TC/XLC Approval/XLCO001 Filter based on TicketID"), ["ApplicationID":ApplicationID, "serviceType":serviceType, "channel":channel], STOP_ON_FAILURE): Call Test Case 'Test Cases/Main TC/XLC Approval/XLCO001 Filter based on TicketID' successfully

2025-05-20 10:49:05 - [TEST_CASE][PASSED] - Test Cases/Main TC/XLC Approval/XLCO001 Filter based on TicketID: Test Cases/Main TC/XLC Approval/XLCO001 Filter based on TicketID

2025-05-20 10:49:05 - [TEST_STEP][PASSED] - click(findTestObject("Spesific/MenuMain", ["mainMenu":"Customer Support"])): Object: 'Object Repository/Spesific/MenuMain' is clicked on

2025-05-20 10:49:05 - [MESSAGE][PASSED] - Object: 'Object Repository/Spesific/MenuMain' is clicked on

2025-05-20 10:49:05 - [TEST_STEP][PASSED] - click(findTestObject("Spesific/MenuSub", ["subMenu":"XL Center Approval"])): Object: 'Object Repository/Spesific/MenuSub' is clicked on

2025-05-20 10:49:06 - [MESSAGE][PASSED] - Object: 'Object Repository/Spesific/MenuSub' is clicked on

2025-05-20 10:49:06 - [TEST_STEP][PASSED] - setText(findTestObject("General/obj", ["obj":"input", "attr":"@formcontrolname", "val":"ticketId"]), ApplicationID): Text '2627386' is set on object 'Object Repository/General/obj'

2025-05-20 10:49:06 - [MESSAGE][PASSED] - Text '2627386' is set on object 'Object Repository/General/obj'

2025-05-20 10:49:06 - [TEST_STEP][PASSED] - callTestCase(findTestCase("Library/LIB003 Select from Dropdown"), ["selectionName":"serviceType", "selectedOption":serviceType], STOP_ON_FAILURE): Call Test Case 'Test Cases/Library/LIB003 Select from Dropdown' successfully

2025-05-20 10:49:06 - [TEST_CASE][PASSED] - Test Cases/Library/LIB003 Select from Dropdown: Test Cases/Library/LIB003 Select from Dropdown

2025-05-20 10:49:06 - [TEST_STEP][PASSED] - click(findTestObject("General/obj", ["obj":"p-dropdown", "attr":"@formcontrolname", "val":selectionName])): Object: 'Object Repository/General/obj' is clicked on

2025-05-20 10:49:06 - [MESSAGE][PASSED] - Object: 'Object Repository/General/obj' is clicked on

2025-05-20 10:49:06 - [TEST_STEP][PASSED] - if (selectedOption == null || selectedOption == ""): null

2025-05-20 10:49:06 - [TEST_STEP][PASSED] - else: Object: 'Object Repository/General/obj' is clicked on

2025-05-20 10:49:06 - [TEST_STEP][PASSED] - click(findTestObject("General/obj", ["obj":"li", "attr":"@aria-label", "val":selectedOption])): Object: 'Object Repository/General/obj' is clicked on

2025-05-20 10:49:07 - [MESSAGE][PASSED] - Object: 'Object Repository/General/obj' is clicked on

2025-05-20 10:49:07 - [MESSAGE][PASSED] - Call Test Case 'Test Cases/Library/LIB003 Select from Dropdown' successfully

2025-05-20 10:49:07 - [TEST_STEP][PASSED] - callTestCase(findTestCase("Library/LIB003 Select from Dropdown"), ["selectionName":"channel", "selectedOption":channel], STOP_ON_FAILURE): Call Test Case 'Test Cases/Library/LIB003 Select from Dropdown' successfully

2025-05-20 10:49:07 - [TEST_CASE][PASSED] - Test Cases/Library/LIB003 Select from Dropdown: Test Cases/Library/LIB003 Select from Dropdown

2025-05-20 10:49:07 - [TEST_STEP][PASSED] - click(findTestObject("General/obj", ["obj":"p-dropdown", "attr":"@formcontrolname", "val":selectionName])): Object: 'Object Repository/General/obj' is clicked on

2025-05-20 10:49:07 - [MESSAGE][PASSED] - Object: 'Object Repository/General/obj' is clicked on

2025-05-20 10:49:07 - [TEST_STEP][PASSED] - if (selectedOption == null || selectedOption == ""): null

2025-05-20 10:49:07 - [TEST_STEP][PASSED] - else: Object: 'Object Repository/General/obj' is clicked on

2025-05-20 10:49:07 - [TEST_STEP][PASSED] - click(findTestObject("General/obj", ["obj":"li", "attr":"@aria-label", "val":selectedOption])): Object: 'Object Repository/General/obj' is clicked on

2025-05-20 10:49:08 - [MESSAGE][PASSED] - Object: 'Object Repository/General/obj' is clicked on

2025-05-20 10:49:08 - [MESSAGE][PASSED] - Call Test Case 'Test Cases/Library/LIB003 Select from Dropdown' successfully

2025-05-20 10:49:08 - [TEST_STEP][PASSED] - click(findTestObject("General/obj contains", ["obj":"button", "attr":"text()", "val":"Search"])): Object: 'Object Repository/General/obj contains' is clicked on

2025-05-20 10:49:08 - [MESSAGE][PASSED] - Object: 'Object Repository/General/obj contains' is clicked on

2025-05-20 10:49:08 - [TEST_STEP][PASSED] - takeScreenshot(): Taking screenshot successfully

2025-05-20 10:49:08 - [MESSAGE][PASSED] - Taking screenshot successfully
[[ATTACHMENT|D:\\Work\\Automation\\comet_automate\\Reports\\20250520_104633\\TS04 Approve Replacement USIM XLC Online\\20250520_104633\\1747712948481.png]]

2025-05-20 10:49:08 - [MESSAGE][PASSED] - Call Test Case 'Test Cases/Main TC/XLC Approval/XLCO001 Filter based on TicketID' successfully

2025-05-20 10:49:08 - [TEST_STEP][PASSED] - scrollToElement(findTestObject("General/obj contains", ["obj":"img", "attr":"@src", "val":"eye"]), 5): Scroll to object 'Object Repository/General/obj contains' successfully

2025-05-20 10:49:09 - [MESSAGE][PASSED] - Scroll to object 'Object Repository/General/obj contains' successfully

2025-05-20 10:49:09 - [TEST_STEP][PASSED] - click(findTestObject("General/obj contains", ["obj":"img", "attr":"@src", "val":"eye"])): Object: 'Object Repository/General/obj contains' is clicked on

2025-05-20 10:49:09 - [MESSAGE][PASSED] - Object: 'Object Repository/General/obj contains' is clicked on

2025-05-20 10:49:09 - [TEST_STEP][PASSED] - takeFullPageScreenshot(): Taking screenshot successfully

2025-05-20 10:49:10 - [MESSAGE][INFO] - 0 hidden object(s)

2025-05-20 10:49:10 - [MESSAGE][PASSED] - Taking screenshot successfully
[[ATTACHMENT|D:\\Work\\Automation\\comet_automate\\Reports\\20250520_104633\\TS04 Approve Replacement USIM XLC Online\\20250520_104633\\1747712950005.png]]

2025-05-20 10:49:10 - [TEST_STEP][PASSED] - click(findTestObject("General/obj contains", ["obj":"button", "attr":"text()", "val":"Approve"])): Object: 'Object Repository/General/obj contains' is clicked on

2025-05-20 10:49:13 - [MESSAGE][PASSED] - Object: 'Object Repository/General/obj contains' is clicked on

2025-05-20 10:49:13 - [TEST_STEP][PASSED] - takeScreenshot(): Taking screenshot successfully

2025-05-20 10:49:13 - [MESSAGE][PASSED] - Taking screenshot successfully
[[ATTACHMENT|D:\\Work\\Automation\\comet_automate\\Reports\\20250520_104633\\TS04 Approve Replacement USIM XLC Online\\20250520_104633\\1747712953474.png]]

2025-05-20 10:49:13 - [TEST_STEP][PASSED] - click(findTestObject("General/obj contains", ["obj":"button", "attr":"text()", "val":"YES"])): Object: 'Object Repository/General/obj contains' is clicked on

2025-05-20 10:49:14 - [MESSAGE][PASSED] - Object: 'Object Repository/General/obj contains' is clicked on

2025-05-20 10:49:14 - [TEST_STEP][PASSED] - waitForElementVisible(findTestObject("General/obj", ["obj":"div", "attr":"@class", "val":"topic"]), 8): Object 'Object Repository/General/obj' is visible

2025-05-20 10:49:20 - [MESSAGE][PASSED] - Object 'Object Repository/General/obj' is visible

2025-05-20 10:49:20 - [TEST_STEP][PASSED] - takeScreenshot(): Taking screenshot successfully

2025-05-20 10:49:21 - [MESSAGE][PASSED] - Taking screenshot successfully
[[ATTACHMENT|D:\\Work\\Automation\\comet_automate\\Reports\\20250520_104633\\TS04 Approve Replacement USIM XLC Online\\20250520_104633\\1747712960976.png]]

2025-05-20 10:49:21 - [TEST_STEP][PASSED] - click(findTestObject("General/obj contains", ["obj":"button", "attr":"text()", "val":"Back"])): Object: 'Object Repository/General/obj contains' is clicked on

2025-05-20 10:49:21 - [MESSAGE][PASSED] - Object: 'Object Repository/General/obj contains' is clicked on

2025-05-20 10:49:21 - [TEST_STEP][PASSED] - takeScreenshot(): Taking screenshot successfully

2025-05-20 10:49:22 - [MESSAGE][PASSED] - Taking screenshot successfully
[[ATTACHMENT|D:\\Work\\Automation\\comet_automate\\Reports\\20250520_104633\\TS04 Approve Replacement USIM XLC Online\\20250520_104633\\1747712961780.png]]]]></system-out>
         <system-err><![CDATA[]]></system-err>
      </testcase>
      <system-out><![CDATA[2025-05-20 10:46:57 - [TEST_SUITE][PASSED] - TS04 Approve Replacement USIM XLC Online: Test Cases/Main TC/XLC Approval/XLCO003a Approve transaction]]></system-out>
      <system-err><![CDATA[]]></system-err>
   </testsuite>
</testsuites>
